2016-06-07 00:01:22 [INFO][demo.java.daemon.DemoDaemon][demo.java.daemon.DemoDaemon:17] - Start Main Thread main.
2016-06-07 00:01:22 [INFO][demo.java.daemon.DaemonThread][demo.java.daemon.DaemonThread:46] - Start DaemonThread DaemonThread.
2016-06-07 00:01:33 [INFO][demo.java.daemon.DemoDaemon][demo.java.daemon.DemoDaemon:24] - Stop Main Thread main.
2016-06-07 00:02:00 [INFO][demo.java.daemon.DemoDaemon][demo.java.daemon.DemoDaemon:17] - Start Main Thread main.
2016-06-07 00:02:00 [INFO][demo.java.daemon.DaemonThread][demo.java.daemon.DaemonThread:46] - Start DaemonThread DaemonThread.
2016-06-07 00:02:00 [INFO][demo.java.daemon.DaemonThread][demo.java.daemon.DaemonThread:49] - DaemonThread running for 0 seconds.
2016-06-07 00:02:01 [INFO][demo.java.daemon.DaemonThread][demo.java.daemon.DaemonThread:49] - DaemonThread running for 1 seconds.
2016-06-07 00:02:02 [INFO][demo.java.daemon.DaemonThread][demo.java.daemon.DaemonThread:49] - DaemonThread running for 2 seconds.
2016-06-07 00:02:03 [INFO][demo.java.daemon.DaemonThread][demo.java.daemon.DaemonThread:49] - DaemonThread running for 3 seconds.
2016-06-07 00:02:04 [INFO][demo.java.daemon.DaemonThread][demo.java.daemon.DaemonThread:49] - DaemonThread running for 4 seconds.
2016-06-07 00:02:05 [INFO][demo.java.daemon.DaemonThread][demo.java.daemon.DaemonThread:49] - DaemonThread running for 5 seconds.
2016-06-07 00:02:06 [INFO][demo.java.daemon.DaemonThread][demo.java.daemon.DaemonThread:49] - DaemonThread running for 6 seconds.
2016-06-07 00:02:07 [INFO][demo.java.daemon.DaemonThread][demo.java.daemon.DaemonThread:49] - DaemonThread running for 7 seconds.
2016-06-07 00:02:08 [INFO][demo.java.daemon.DaemonThread][demo.java.daemon.DaemonThread:49] - DaemonThread running for 8 seconds.
2016-06-07 00:02:09 [INFO][demo.java.daemon.DaemonThread][demo.java.daemon.DaemonThread:49] - DaemonThread running for 9 seconds.
2016-06-07 00:02:09 [INFO][demo.java.daemon.DemoDaemon][demo.java.daemon.DemoDaemon:24] - Stop Main Thread main.
2016-06-07 00:03:21 [INFO][demo.java.daemon.DemoDaemon][demo.java.daemon.DemoDaemon:17] - Start Main Thread main.
2016-06-07 00:03:21 [INFO][demo.java.daemon.DaemonThread][demo.java.daemon.DaemonThread:46] - Start DaemonThread DaemonThread.
2016-06-07 00:03:21 [INFO][demo.java.daemon.DaemonThread][demo.java.daemon.DaemonThread:49] - DaemonThread running for 0 seconds.
2016-06-07 00:03:22 [INFO][demo.java.daemon.DaemonThread][demo.java.daemon.DaemonThread:49] - DaemonThread running for 1 seconds.
2016-06-07 00:03:23 [INFO][demo.java.daemon.DaemonThread][demo.java.daemon.DaemonThread:49] - DaemonThread running for 2 seconds.
2016-06-07 00:03:24 [INFO][demo.java.daemon.DaemonThread][demo.java.daemon.DaemonThread:49] - DaemonThread running for 3 seconds.
2016-06-07 00:03:25 [INFO][demo.java.daemon.DaemonThread][demo.java.daemon.DaemonThread:49] - DaemonThread running for 4 seconds.
2016-06-07 00:03:26 [INFO][demo.java.daemon.DaemonThread][demo.java.daemon.DaemonThread:49] - DaemonThread running for 5 seconds.
2016-06-07 00:03:27 [INFO][demo.java.daemon.DaemonThread][demo.java.daemon.DaemonThread:49] - DaemonThread running for 6 seconds.
2016-06-07 00:03:28 [INFO][demo.java.daemon.DaemonThread][demo.java.daemon.DaemonThread:49] - DaemonThread running for 7 seconds.
2016-06-07 00:03:29 [INFO][demo.java.daemon.DaemonThread][demo.java.daemon.DaemonThread:49] - DaemonThread running for 8 seconds.
2016-06-07 00:03:30 [INFO][demo.java.daemon.DaemonThread][demo.java.daemon.DaemonThread:49] - DaemonThread running for 9 seconds.
2016-06-07 00:03:31 [INFO][demo.java.daemon.DaemonThread][demo.java.daemon.DaemonThread:49] - DaemonThread running for 10 seconds.
2016-06-07 00:03:32 [INFO][demo.java.daemon.DaemonThread][demo.java.daemon.DaemonThread:49] - DaemonThread running for 11 seconds.
2016-06-07 00:03:33 [INFO][demo.java.daemon.DaemonThread][demo.java.daemon.DaemonThread:49] - DaemonThread running for 12 seconds.
2016-06-07 00:03:34 [INFO][demo.java.daemon.DaemonThread][demo.java.daemon.DaemonThread:49] - DaemonThread running for 13 seconds.
2016-06-07 00:03:35 [INFO][demo.java.daemon.DaemonThread][demo.java.daemon.DaemonThread:49] - DaemonThread running for 14 seconds.
2016-06-07 00:03:36 [INFO][demo.java.daemon.DemoDaemon][demo.java.daemon.DemoDaemon:24] - Stop Main Thread main.
2016-06-07 00:20:31 [INFO][demo.java.daemon.DemoDaemon][demo.java.daemon.DemoDaemon:17] - Start Main Thread main.
2016-06-07 00:20:31 [INFO][demo.java.daemon.DaemonThread][demo.java.daemon.DaemonThread:46] - Start DaemonThread DaemonThread.
2016-06-07 00:20:31 [INFO][demo.java.daemon.DaemonThread][demo.java.daemon.DaemonThread:49] - DaemonThread running for 0 seconds.
2016-06-07 00:20:32 [INFO][demo.java.daemon.DaemonThread][demo.java.daemon.DaemonThread:49] - DaemonThread running for 1 seconds.
2016-06-07 00:20:33 [INFO][demo.java.daemon.DaemonThread][demo.java.daemon.DaemonThread:49] - DaemonThread running for 2 seconds.
2016-06-07 00:20:34 [INFO][demo.java.daemon.DaemonThread][demo.java.daemon.DaemonThread:49] - DaemonThread running for 3 seconds.
2016-06-07 00:20:35 [INFO][demo.java.daemon.DaemonThread][demo.java.daemon.DaemonThread:49] - DaemonThread running for 4 seconds.
2016-06-07 00:20:36 [INFO][demo.java.daemon.DaemonThread][demo.java.daemon.DaemonThread:49] - DaemonThread running for 5 seconds.
2016-06-07 00:20:37 [INFO][demo.java.daemon.DaemonThread][demo.java.daemon.DaemonThread:49] - DaemonThread running for 6 seconds.
2016-06-07 00:20:38 [INFO][demo.java.daemon.DaemonThread][demo.java.daemon.DaemonThread:49] - DaemonThread running for 7 seconds.
2016-06-07 00:20:39 [INFO][demo.java.daemon.DaemonThread][demo.java.daemon.DaemonThread:49] - DaemonThread running for 8 seconds.
2016-06-07 00:20:40 [INFO][demo.java.daemon.DaemonThread][demo.java.daemon.DaemonThread:49] - DaemonThread running for 9 seconds.
2016-06-07 00:20:41 [INFO][demo.java.daemon.DaemonThread][demo.java.daemon.DaemonThread:49] - DaemonThread running for 10 seconds.
2016-06-07 00:20:42 [INFO][demo.java.daemon.DaemonThread][demo.java.daemon.DaemonThread:49] - DaemonThread running for 11 seconds.
2016-06-07 00:20:43 [INFO][demo.java.daemon.DaemonThread][demo.java.daemon.DaemonThread:49] - DaemonThread running for 12 seconds.
2016-06-07 00:20:44 [INFO][demo.java.daemon.DaemonThread][demo.java.daemon.DaemonThread:49] - DaemonThread running for 13 seconds.
2016-06-07 00:20:45 [INFO][demo.java.daemon.DaemonThread][demo.java.daemon.DaemonThread:49] - DaemonThread running for 14 seconds.
2016-06-07 00:20:46 [INFO][demo.java.daemon.DaemonThread][demo.java.daemon.DaemonThread:49] - DaemonThread running for 15 seconds.
2016-06-07 00:20:47 [INFO][demo.java.daemon.DaemonThread][demo.java.daemon.DaemonThread:49] - DaemonThread running for 16 seconds.
2016-06-07 00:20:48 [INFO][demo.java.daemon.DaemonThread][demo.java.daemon.DaemonThread:49] - DaemonThread running for 17 seconds.
2016-06-07 00:20:49 [INFO][demo.java.daemon.DaemonThread][demo.java.daemon.DaemonThread:49] - DaemonThread running for 18 seconds.
2016-06-07 00:20:50 [INFO][demo.java.daemon.DaemonThread][demo.java.daemon.DaemonThread:49] - DaemonThread running for 19 seconds.
2016-06-07 00:20:51 [INFO][demo.java.daemon.DaemonThread][demo.java.daemon.DaemonThread:49] - DaemonThread running for 20 seconds.
2016-06-07 00:20:52 [INFO][demo.java.daemon.DaemonThread][demo.java.daemon.DaemonThread:49] - DaemonThread running for 21 seconds.
2016-06-07 00:20:53 [INFO][demo.java.daemon.DaemonThread][demo.java.daemon.DaemonThread:49] - DaemonThread running for 22 seconds.
2016-06-07 00:20:54 [INFO][demo.java.daemon.DaemonThread][demo.java.daemon.DaemonThread:49] - DaemonThread running for 23 seconds.
2016-06-07 00:20:55 [INFO][demo.java.daemon.DaemonThread][demo.java.daemon.DaemonThread:49] - DaemonThread running for 24 seconds.
2016-06-07 00:20:56 [INFO][demo.java.daemon.DaemonThread][demo.java.daemon.DaemonThread:49] - DaemonThread running for 25 seconds.
2016-06-07 00:20:57 [INFO][demo.java.daemon.DaemonThread][demo.java.daemon.DaemonThread:49] - DaemonThread running for 26 seconds.
2016-06-07 00:20:58 [INFO][demo.java.daemon.DaemonThread][demo.java.daemon.DaemonThread:49] - DaemonThread running for 27 seconds.
2016-06-07 00:20:59 [INFO][demo.java.daemon.DaemonThread][demo.java.daemon.DaemonThread:49] - DaemonThread running for 28 seconds.
2016-06-07 00:21:00 [INFO][demo.java.daemon.DaemonThread][demo.java.daemon.DaemonThread:49] - DaemonThread running for 29 seconds.
2016-06-07 00:21:01 [INFO][demo.java.daemon.DaemonThread][demo.java.daemon.DaemonThread:49] - DaemonThread running for 30 seconds.
2016-06-07 00:21:02 [INFO][demo.java.daemon.DaemonThread][demo.java.daemon.DaemonThread:49] - DaemonThread running for 31 seconds.
2016-06-07 00:21:03 [INFO][demo.java.daemon.DaemonThread][demo.java.daemon.DaemonThread:49] - DaemonThread running for 32 seconds.
2016-06-07 00:21:04 [INFO][demo.java.daemon.DaemonThread][demo.java.daemon.DaemonThread:49] - DaemonThread running for 33 seconds.
2016-06-07 00:21:05 [INFO][demo.java.daemon.DaemonThread][demo.java.daemon.DaemonThread:49] - DaemonThread running for 34 seconds.
2016-06-07 00:21:06 [INFO][demo.java.daemon.DaemonThread][demo.java.daemon.DaemonThread:49] - DaemonThread running for 35 seconds.
2016-06-07 00:21:07 [INFO][demo.java.daemon.DaemonThread][demo.java.daemon.DaemonThread:49] - DaemonThread running for 36 seconds.
2016-06-07 00:21:08 [INFO][demo.java.daemon.DaemonThread][demo.java.daemon.DaemonThread:49] - DaemonThread running for 37 seconds.
2016-06-07 00:21:09 [INFO][demo.java.daemon.DaemonThread][demo.java.daemon.DaemonThread:49] - DaemonThread running for 38 seconds.
2016-06-07 00:21:10 [INFO][demo.java.daemon.DaemonThread][demo.java.daemon.DaemonThread:49] - DaemonThread running for 39 seconds.
2016-06-07 00:21:11 [INFO][demo.java.daemon.DaemonThread][demo.java.daemon.DaemonThread:49] - DaemonThread running for 40 seconds.
2016-06-07 00:21:12 [INFO][demo.java.daemon.DaemonThread][demo.java.daemon.DaemonThread:49] - DaemonThread running for 41 seconds.
2016-06-07 00:21:13 [INFO][demo.java.daemon.DaemonThread][demo.java.daemon.DaemonThread:49] - DaemonThread running for 42 seconds.
2016-06-07 00:21:14 [INFO][demo.java.daemon.DaemonThread][demo.java.daemon.DaemonThread:49] - DaemonThread running for 43 seconds.
2016-06-07 00:21:15 [INFO][demo.java.daemon.DaemonThread][demo.java.daemon.DaemonThread:49] - DaemonThread running for 44 seconds.
2016-06-07 00:21:16 [INFO][demo.java.daemon.DaemonThread][demo.java.daemon.DaemonThread:49] - DaemonThread running for 45 seconds.
2016-06-07 00:21:17 [INFO][demo.java.daemon.DaemonThread][demo.java.daemon.DaemonThread:49] - DaemonThread running for 46 seconds.
2016-06-07 00:21:18 [INFO][demo.java.daemon.DaemonThread][demo.java.daemon.DaemonThread:49] - DaemonThread running for 47 seconds.
2016-06-07 00:21:19 [INFO][demo.java.daemon.DaemonThread][demo.java.daemon.DaemonThread:49] - DaemonThread running for 48 seconds.
2016-06-07 00:21:20 [INFO][demo.java.daemon.DaemonThread][demo.java.daemon.DaemonThread:49] - DaemonThread running for 49 seconds.
2016-06-07 00:21:21 [INFO][demo.java.daemon.DaemonThread][demo.java.daemon.DaemonThread:49] - DaemonThread running for 50 seconds.
2016-06-07 00:21:22 [INFO][demo.java.daemon.DaemonThread][demo.java.daemon.DaemonThread:49] - DaemonThread running for 51 seconds.
2016-06-07 00:21:23 [INFO][demo.java.daemon.DaemonThread][demo.java.daemon.DaemonThread:49] - DaemonThread running for 52 seconds.
2016-06-07 00:21:24 [INFO][demo.java.daemon.DaemonThread][demo.java.daemon.DaemonThread:49] - DaemonThread running for 53 seconds.
2016-06-07 00:21:25 [INFO][demo.java.daemon.DaemonThread][demo.java.daemon.DaemonThread:49] - DaemonThread running for 54 seconds.
2016-06-07 00:21:26 [INFO][demo.java.daemon.DaemonThread][demo.java.daemon.DaemonThread:49] - DaemonThread running for 55 seconds.
2016-06-07 00:21:27 [INFO][demo.java.daemon.DaemonThread][demo.java.daemon.DaemonThread:49] - DaemonThread running for 56 seconds.
2016-06-07 00:21:28 [INFO][demo.java.daemon.DaemonThread][demo.java.daemon.DaemonThread:49] - DaemonThread running for 57 seconds.
2016-06-07 00:21:29 [INFO][demo.java.daemon.DaemonThread][demo.java.daemon.DaemonThread:49] - DaemonThread running for 58 seconds.
2016-06-07 00:21:30 [INFO][demo.java.daemon.DaemonThread][demo.java.daemon.DaemonThread:49] - DaemonThread running for 59 seconds.
2016-06-07 00:21:31 [INFO][demo.java.daemon.DaemonThread][demo.java.daemon.DaemonThread:49] - DaemonThread running for 60 seconds.
2016-06-07 00:21:32 [INFO][demo.java.daemon.DaemonThread][demo.java.daemon.DaemonThread:49] - DaemonThread running for 61 seconds.
2016-06-07 00:21:33 [INFO][demo.java.daemon.DaemonThread][demo.java.daemon.DaemonThread:49] - DaemonThread running for 62 seconds.
2016-06-07 00:21:34 [INFO][demo.java.daemon.DaemonThread][demo.java.daemon.DaemonThread:49] - DaemonThread running for 63 seconds.
2016-06-07 00:21:35 [INFO][demo.java.daemon.DaemonThread][demo.java.daemon.DaemonThread:49] - DaemonThread running for 64 seconds.
2016-06-07 00:21:36 [INFO][demo.java.daemon.DaemonThread][demo.java.daemon.DaemonThread:49] - DaemonThread running for 65 seconds.
2016-06-07 00:21:37 [INFO][demo.java.daemon.DaemonThread][demo.java.daemon.DaemonThread:49] - DaemonThread running for 66 seconds.
2016-06-07 00:21:38 [INFO][demo.java.daemon.DaemonThread][demo.java.daemon.DaemonThread:49] - DaemonThread running for 67 seconds.
2016-06-07 00:21:39 [INFO][demo.java.daemon.DaemonThread][demo.java.daemon.DaemonThread:49] - DaemonThread running for 68 seconds.
2016-06-07 00:21:40 [INFO][demo.java.daemon.DaemonThread][demo.java.daemon.DaemonThread:49] - DaemonThread running for 69 seconds.
2016-06-07 00:21:41 [INFO][demo.java.daemon.DaemonThread][demo.java.daemon.DaemonThread:49] - DaemonThread running for 70 seconds.
2016-06-07 00:21:42 [INFO][demo.java.daemon.DaemonThread][demo.java.daemon.DaemonThread:49] - DaemonThread running for 71 seconds.
2016-06-07 00:21:43 [INFO][demo.java.daemon.DaemonThread][demo.java.daemon.DaemonThread:49] - DaemonThread running for 72 seconds.
2016-06-07 00:21:44 [INFO][demo.java.daemon.DaemonThread][demo.java.daemon.DaemonThread:49] - DaemonThread running for 73 seconds.
2016-06-07 00:21:45 [INFO][demo.java.daemon.DaemonThread][demo.java.daemon.DaemonThread:49] - DaemonThread running for 74 seconds.
2016-06-07 00:21:46 [INFO][demo.java.daemon.DaemonThread][demo.java.daemon.DaemonThread:49] - DaemonThread running for 75 seconds.
2016-06-07 00:21:47 [INFO][demo.java.daemon.DaemonThread][demo.java.daemon.DaemonThread:49] - DaemonThread running for 76 seconds.
2016-06-07 00:21:48 [INFO][demo.java.daemon.DaemonThread][demo.java.daemon.DaemonThread:49] - DaemonThread running for 77 seconds.
2016-06-07 00:21:49 [INFO][demo.java.daemon.DaemonThread][demo.java.daemon.DaemonThread:49] - DaemonThread running for 78 seconds.
2016-06-07 00:21:50 [INFO][demo.java.daemon.DaemonThread][demo.java.daemon.DaemonThread:49] - DaemonThread running for 79 seconds.
2016-06-07 00:21:51 [INFO][demo.java.daemon.DemoDaemon][demo.java.daemon.DemoDaemon:24] - Stop Main Thread main.
2016-06-07 00:22:39 [INFO][demo.java.daemon.DemoDaemon][demo.java.daemon.DemoDaemon:17] - Start Main Thread main.
2016-06-07 00:22:39 [INFO][demo.java.daemon.DaemonThread][demo.java.daemon.DaemonThread:46] - Start DaemonThread DaemonThread.
2016-06-07 00:22:39 [INFO][demo.java.daemon.DaemonThread][demo.java.daemon.DaemonThread:49] - DaemonThread running for 0 seconds.
2016-06-07 00:22:40 [INFO][demo.java.daemon.DaemonThread][demo.java.daemon.DaemonThread:49] - DaemonThread running for 1 seconds.
2016-06-07 00:22:41 [INFO][demo.java.daemon.DaemonThread][demo.java.daemon.DaemonThread:49] - DaemonThread running for 2 seconds.
2016-06-07 00:22:42 [INFO][demo.java.daemon.DaemonThread][demo.java.daemon.DaemonThread:49] - DaemonThread running for 3 seconds.
2016-06-07 00:22:43 [INFO][demo.java.daemon.DaemonThread][demo.java.daemon.DaemonThread:49] - DaemonThread running for 4 seconds.
2016-06-07 00:22:44 [INFO][demo.java.daemon.DaemonThread][demo.java.daemon.DaemonThread:49] - DaemonThread running for 5 seconds.
2016-06-07 00:22:45 [INFO][demo.java.daemon.DaemonThread][demo.java.daemon.DaemonThread:49] - DaemonThread running for 6 seconds.
2016-06-07 00:22:46 [INFO][demo.java.daemon.DaemonThread][demo.java.daemon.DaemonThread:49] - DaemonThread running for 7 seconds.
2016-06-07 00:22:47 [INFO][demo.java.daemon.DaemonThread][demo.java.daemon.DaemonThread:49] - DaemonThread running for 8 seconds.
2016-06-07 00:22:48 [INFO][demo.java.daemon.DaemonThread][demo.java.daemon.DaemonThread:49] - DaemonThread running for 9 seconds.
2016-06-07 00:22:49 [INFO][demo.java.daemon.DaemonThread][demo.java.daemon.DaemonThread:49] - DaemonThread running for 10 seconds.
2016-06-07 00:22:50 [INFO][demo.java.daemon.DaemonThread][demo.java.daemon.DaemonThread:49] - DaemonThread running for 11 seconds.
2016-06-07 00:22:51 [INFO][demo.java.daemon.DaemonThread][demo.java.daemon.DaemonThread:49] - DaemonThread running for 12 seconds.
2016-06-07 00:22:52 [INFO][demo.java.daemon.DaemonThread][demo.java.daemon.DaemonThread:49] - DaemonThread running for 13 seconds.
2016-06-07 00:22:53 [INFO][demo.java.daemon.DaemonThread][demo.java.daemon.DaemonThread:49] - DaemonThread running for 14 seconds.
2016-06-07 00:22:54 [INFO][demo.java.daemon.DaemonThread][demo.java.daemon.DaemonThread:49] - DaemonThread running for 15 seconds.
2016-06-07 00:22:55 [INFO][demo.java.daemon.DaemonThread][demo.java.daemon.DaemonThread:49] - DaemonThread running for 16 seconds.
2016-06-07 00:22:56 [INFO][demo.java.daemon.DaemonThread][demo.java.daemon.DaemonThread:49] - DaemonThread running for 17 seconds.
2016-06-07 00:22:57 [INFO][demo.java.daemon.DaemonThread][demo.java.daemon.DaemonThread:49] - DaemonThread running for 18 seconds.
2016-06-07 00:22:58 [INFO][demo.java.daemon.DaemonThread][demo.java.daemon.DaemonThread:49] - DaemonThread running for 19 seconds.
2016-06-07 00:22:59 [INFO][demo.java.daemon.DaemonThread][demo.java.daemon.DaemonThread:49] - DaemonThread running for 20 seconds.
2016-06-07 00:23:00 [INFO][demo.java.daemon.DaemonThread][demo.java.daemon.DaemonThread:49] - DaemonThread running for 21 seconds.
2016-06-07 00:23:01 [INFO][demo.java.daemon.DaemonThread][demo.java.daemon.DaemonThread:49] - DaemonThread running for 22 seconds.
2016-06-07 00:23:02 [INFO][demo.java.daemon.DaemonThread][demo.java.daemon.DaemonThread:49] - DaemonThread running for 23 seconds.
2016-06-07 00:23:03 [INFO][demo.java.daemon.DaemonThread][demo.java.daemon.DaemonThread:49] - DaemonThread running for 24 seconds.
2016-06-07 00:23:04 [INFO][demo.java.daemon.DaemonThread][demo.java.daemon.DaemonThread:49] - DaemonThread running for 25 seconds.
2016-06-07 00:23:05 [INFO][demo.java.daemon.DaemonThread][demo.java.daemon.DaemonThread:49] - DaemonThread running for 26 seconds.
2016-06-07 00:23:06 [INFO][demo.java.daemon.DaemonThread][demo.java.daemon.DaemonThread:49] - DaemonThread running for 27 seconds.
2016-06-07 00:23:07 [INFO][demo.java.daemon.DaemonThread][demo.java.daemon.DaemonThread:49] - DaemonThread running for 28 seconds.
2016-06-07 00:23:08 [INFO][demo.java.daemon.DaemonThread][demo.java.daemon.DaemonThread:49] - DaemonThread running for 29 seconds.
2016-06-07 00:23:09 [INFO][demo.java.daemon.DaemonThread][demo.java.daemon.DaemonThread:49] - DaemonThread running for 30 seconds.
2016-06-07 00:23:10 [INFO][demo.java.daemon.DaemonThread][demo.java.daemon.DaemonThread:49] - DaemonThread running for 31 seconds.
2016-06-07 00:23:11 [INFO][demo.java.daemon.DaemonThread][demo.java.daemon.DaemonThread:49] - DaemonThread running for 32 seconds.
2016-06-07 00:23:12 [INFO][demo.java.daemon.DaemonThread][demo.java.daemon.DaemonThread:49] - DaemonThread running for 33 seconds.
2016-06-07 00:23:13 [INFO][demo.java.daemon.DaemonThread][demo.java.daemon.DaemonThread:49] - DaemonThread running for 34 seconds.
2016-06-07 00:23:14 [INFO][demo.java.daemon.DaemonThread][demo.java.daemon.DaemonThread:49] - DaemonThread running for 35 seconds.
2016-06-07 00:23:15 [INFO][demo.java.daemon.DaemonThread][demo.java.daemon.DaemonThread:49] - DaemonThread running for 36 seconds.
2016-06-07 00:23:16 [INFO][demo.java.daemon.DaemonThread][demo.java.daemon.DaemonThread:49] - DaemonThread running for 37 seconds.
2016-06-07 00:23:17 [INFO][demo.java.daemon.DaemonThread][demo.java.daemon.DaemonThread:49] - DaemonThread running for 38 seconds.
2016-06-07 00:23:18 [INFO][demo.java.daemon.DaemonThread][demo.java.daemon.DaemonThread:49] - DaemonThread running for 39 seconds.
2016-06-07 00:23:19 [INFO][demo.java.daemon.DaemonThread][demo.java.daemon.DaemonThread:49] - DaemonThread running for 40 seconds.
2016-06-07 00:23:20 [INFO][demo.java.daemon.DaemonThread][demo.java.daemon.DaemonThread:49] - DaemonThread running for 41 seconds.
2016-06-07 00:23:21 [INFO][demo.java.daemon.DaemonThread][demo.java.daemon.DaemonThread:49] - DaemonThread running for 42 seconds.
2016-06-07 00:23:22 [INFO][demo.java.daemon.DaemonThread][demo.java.daemon.DaemonThread:49] - DaemonThread running for 43 seconds.
2016-06-07 00:23:23 [INFO][demo.java.daemon.DaemonThread][demo.java.daemon.DaemonThread:49] - DaemonThread running for 44 seconds.
2016-06-07 00:23:24 [INFO][demo.java.daemon.DaemonThread][demo.java.daemon.DaemonThread:49] - DaemonThread running for 45 seconds.
2016-06-07 00:23:25 [INFO][demo.java.daemon.DaemonThread][demo.java.daemon.DaemonThread:49] - DaemonThread running for 46 seconds.
2016-06-07 00:23:26 [INFO][demo.java.daemon.DaemonThread][demo.java.daemon.DaemonThread:49] - DaemonThread running for 47 seconds.
2016-06-07 00:23:27 [INFO][demo.java.daemon.DaemonThread][demo.java.daemon.DaemonThread:49] - DaemonThread running for 48 seconds.
2016-06-07 00:23:28 [INFO][demo.java.daemon.DaemonThread][demo.java.daemon.DaemonThread:49] - DaemonThread running for 49 seconds.
2016-06-07 00:23:29 [INFO][demo.java.daemon.DaemonThread][demo.java.daemon.DaemonThread:49] - DaemonThread running for 50 seconds.
2016-06-07 00:23:30 [INFO][demo.java.daemon.DaemonThread][demo.java.daemon.DaemonThread:49] - DaemonThread running for 51 seconds.
2016-06-07 00:23:31 [INFO][demo.java.daemon.DaemonThread][demo.java.daemon.DaemonThread:49] - DaemonThread running for 52 seconds.
2016-06-07 00:23:32 [INFO][demo.java.daemon.DaemonThread][demo.java.daemon.DaemonThread:49] - DaemonThread running for 53 seconds.
2016-06-07 00:23:33 [INFO][demo.java.daemon.DaemonThread][demo.java.daemon.DaemonThread:49] - DaemonThread running for 54 seconds.
2016-06-07 00:23:34 [INFO][demo.java.daemon.DaemonThread][demo.java.daemon.DaemonThread:49] - DaemonThread running for 55 seconds.
2016-06-07 00:23:35 [INFO][demo.java.daemon.DaemonThread][demo.java.daemon.DaemonThread:49] - DaemonThread running for 56 seconds.
2016-06-07 00:23:36 [INFO][demo.java.daemon.DaemonThread][demo.java.daemon.DaemonThread:49] - DaemonThread running for 57 seconds.
2016-06-07 00:23:37 [INFO][demo.java.daemon.DaemonThread][demo.java.daemon.DaemonThread:49] - DaemonThread running for 58 seconds.
2016-06-07 00:23:38 [INFO][demo.java.daemon.DaemonThread][demo.java.daemon.DaemonThread:49] - DaemonThread running for 59 seconds.
2016-06-07 00:23:39 [INFO][demo.java.daemon.DaemonThread][demo.java.daemon.DaemonThread:49] - DaemonThread running for 60 seconds.
2016-06-07 00:23:40 [INFO][demo.java.daemon.DaemonThread][demo.java.daemon.DaemonThread:49] - DaemonThread running for 61 seconds.
2016-06-07 00:23:41 [INFO][demo.java.daemon.DaemonThread][demo.java.daemon.DaemonThread:49] - DaemonThread running for 62 seconds.
2016-06-07 00:23:42 [INFO][demo.java.daemon.DaemonThread][demo.java.daemon.DaemonThread:49] - DaemonThread running for 63 seconds.
2016-06-07 00:23:43 [INFO][demo.java.daemon.DaemonThread][demo.java.daemon.DaemonThread:49] - DaemonThread running for 64 seconds.
2016-06-07 00:23:44 [INFO][demo.java.daemon.DaemonThread][demo.java.daemon.DaemonThread:49] - DaemonThread running for 65 seconds.
2016-06-07 00:23:45 [INFO][demo.java.daemon.DaemonThread][demo.java.daemon.DaemonThread:49] - DaemonThread running for 66 seconds.
2016-06-07 00:23:46 [INFO][demo.java.daemon.DaemonThread][demo.java.daemon.DaemonThread:49] - DaemonThread running for 67 seconds.
2016-06-07 00:23:47 [INFO][demo.java.daemon.DaemonThread][demo.java.daemon.DaemonThread:49] - DaemonThread running for 68 seconds.
2016-06-07 00:23:48 [INFO][demo.java.daemon.DaemonThread][demo.java.daemon.DaemonThread:49] - DaemonThread running for 69 seconds.
2016-06-07 00:23:49 [INFO][demo.java.daemon.DaemonThread][demo.java.daemon.DaemonThread:49] - DaemonThread running for 70 seconds.
2016-06-07 00:23:50 [INFO][demo.java.daemon.DaemonThread][demo.java.daemon.DaemonThread:49] - DaemonThread running for 71 seconds.
2016-06-07 00:23:51 [INFO][demo.java.daemon.DaemonThread][demo.java.daemon.DaemonThread:49] - DaemonThread running for 72 seconds.
2016-06-07 00:23:52 [INFO][demo.java.daemon.DaemonThread][demo.java.daemon.DaemonThread:49] - DaemonThread running for 73 seconds.
2016-06-07 00:23:53 [INFO][demo.java.daemon.DaemonThread][demo.java.daemon.DaemonThread:49] - DaemonThread running for 74 seconds.
2016-06-07 00:23:54 [INFO][demo.java.daemon.DaemonThread][demo.java.daemon.DaemonThread:49] - DaemonThread running for 75 seconds.
2016-06-07 00:23:55 [INFO][demo.java.daemon.DaemonThread][demo.java.daemon.DaemonThread:49] - DaemonThread running for 76 seconds.
2016-06-07 00:23:56 [INFO][demo.java.daemon.DaemonThread][demo.java.daemon.DaemonThread:49] - DaemonThread running for 77 seconds.
2016-06-07 00:23:57 [INFO][demo.java.daemon.DaemonThread][demo.java.daemon.DaemonThread:49] - DaemonThread running for 78 seconds.
2016-06-07 00:23:58 [INFO][demo.java.daemon.DaemonThread][demo.java.daemon.DaemonThread:49] - DaemonThread running for 79 seconds.
2016-06-07 00:23:59 [INFO][demo.java.daemon.DaemonThread][demo.java.daemon.DaemonThread:49] - DaemonThread running for 80 seconds.
2016-06-07 00:24:00 [INFO][demo.java.daemon.DaemonThread][demo.java.daemon.DaemonThread:49] - DaemonThread running for 81 seconds.
2016-06-07 00:24:01 [INFO][demo.java.daemon.DaemonThread][demo.java.daemon.DaemonThread:49] - DaemonThread running for 82 seconds.
2016-06-07 00:24:02 [INFO][demo.java.daemon.DaemonThread][demo.java.daemon.DaemonThread:49] - DaemonThread running for 83 seconds.
2016-06-07 00:24:03 [INFO][demo.java.daemon.DaemonThread][demo.java.daemon.DaemonThread:49] - DaemonThread running for 84 seconds.
2016-06-07 00:24:04 [INFO][demo.java.daemon.DaemonThread][demo.java.daemon.DaemonThread:49] - DaemonThread running for 85 seconds.
2016-06-07 00:24:05 [INFO][demo.java.daemon.DaemonThread][demo.java.daemon.DaemonThread:49] - DaemonThread running for 86 seconds.
2016-06-07 00:24:06 [INFO][demo.java.daemon.DaemonThread][demo.java.daemon.DaemonThread:49] - DaemonThread running for 87 seconds.
2016-06-07 00:24:07 [INFO][demo.java.daemon.DaemonThread][demo.java.daemon.DaemonThread:49] - DaemonThread running for 88 seconds.
2016-06-07 00:24:08 [INFO][demo.java.daemon.DaemonThread][demo.java.daemon.DaemonThread:49] - DaemonThread running for 89 seconds.
2016-06-07 00:24:09 [INFO][demo.java.daemon.DaemonThread][demo.java.daemon.DaemonThread:49] - DaemonThread running for 90 seconds.
2016-06-07 00:24:10 [INFO][demo.java.daemon.DaemonThread][demo.java.daemon.DaemonThread:49] - DaemonThread running for 91 seconds.
2016-06-07 00:24:11 [INFO][demo.java.daemon.DaemonThread][demo.java.daemon.DaemonThread:49] - DaemonThread running for 92 seconds.
2016-06-07 00:24:12 [INFO][demo.java.daemon.DaemonThread][demo.java.daemon.DaemonThread:49] - DaemonThread running for 93 seconds.
2016-06-07 00:24:13 [INFO][demo.java.daemon.DaemonThread][demo.java.daemon.DaemonThread:49] - DaemonThread running for 94 seconds.
2016-06-07 00:24:14 [INFO][demo.java.daemon.DaemonThread][demo.java.daemon.DaemonThread:49] - DaemonThread running for 95 seconds.
2016-06-07 00:24:15 [INFO][demo.java.daemon.DaemonThread][demo.java.daemon.DaemonThread:49] - DaemonThread running for 96 seconds.
2016-06-07 00:24:16 [INFO][demo.java.daemon.DaemonThread][demo.java.daemon.DaemonThread:49] - DaemonThread running for 97 seconds.
2016-06-07 00:24:17 [INFO][demo.java.daemon.DaemonThread][demo.java.daemon.DaemonThread:49] - DaemonThread running for 98 seconds.
2016-06-07 00:24:18 [INFO][demo.java.daemon.DaemonThread][demo.java.daemon.DaemonThread:49] - DaemonThread running for 99 seconds.
2016-06-07 00:24:19 [INFO][demo.java.daemon.DaemonThread][demo.java.daemon.DaemonThread:49] - DaemonThread running for 100 seconds.
2016-06-07 00:24:20 [INFO][demo.java.daemon.DaemonThread][demo.java.daemon.DaemonThread:49] - DaemonThread running for 101 seconds.
2016-06-07 00:24:21 [INFO][demo.java.daemon.DaemonThread][demo.java.daemon.DaemonThread:49] - DaemonThread running for 102 seconds.
2016-06-07 00:24:22 [INFO][demo.java.daemon.DaemonThread][demo.java.daemon.DaemonThread:49] - DaemonThread running for 103 seconds.
2016-06-07 00:24:23 [INFO][demo.java.daemon.DaemonThread][demo.java.daemon.DaemonThread:49] - DaemonThread running for 104 seconds.
2016-06-07 00:24:24 [INFO][demo.java.daemon.DaemonThread][demo.java.daemon.DaemonThread:49] - DaemonThread running for 105 seconds.
2016-06-07 00:24:25 [INFO][demo.java.daemon.DaemonThread][demo.java.daemon.DaemonThread:49] - DaemonThread running for 106 seconds.
2016-06-07 00:24:26 [INFO][demo.java.daemon.DaemonThread][demo.java.daemon.DaemonThread:49] - DaemonThread running for 107 seconds.
2016-06-07 00:24:27 [INFO][demo.java.daemon.DaemonThread][demo.java.daemon.DaemonThread:49] - DaemonThread running for 108 seconds.
2016-06-07 00:24:28 [INFO][demo.java.daemon.DaemonThread][demo.java.daemon.DaemonThread:49] - DaemonThread running for 109 seconds.
2016-06-07 00:24:29 [INFO][demo.java.daemon.DaemonThread][demo.java.daemon.DaemonThread:49] - DaemonThread running for 110 seconds.
2016-06-07 00:24:30 [INFO][demo.java.daemon.DaemonThread][demo.java.daemon.DaemonThread:49] - DaemonThread running for 111 seconds.
2016-06-07 00:24:31 [INFO][demo.java.daemon.DaemonThread][demo.java.daemon.DaemonThread:49] - DaemonThread running for 112 seconds.
2016-06-07 00:24:32 [INFO][demo.java.daemon.DaemonThread][demo.java.daemon.DaemonThread:49] - DaemonThread running for 113 seconds.
2016-06-07 00:24:33 [INFO][demo.java.daemon.DaemonThread][demo.java.daemon.DaemonThread:49] - DaemonThread running for 114 seconds.
2016-06-07 00:24:34 [INFO][demo.java.daemon.DaemonThread][demo.java.daemon.DaemonThread:49] - DaemonThread running for 115 seconds.
2016-06-07 00:24:35 [INFO][demo.java.daemon.DaemonThread][demo.java.daemon.DaemonThread:49] - DaemonThread running for 116 seconds.
2016-06-07 00:24:36 [INFO][demo.java.daemon.DaemonThread][demo.java.daemon.DaemonThread:49] - DaemonThread running for 117 seconds.
2016-06-07 00:24:37 [INFO][demo.java.daemon.DaemonThread][demo.java.daemon.DaemonThread:49] - DaemonThread running for 118 seconds.
2016-06-07 00:24:38 [INFO][demo.java.daemon.DaemonThread][demo.java.daemon.DaemonThread:49] - DaemonThread running for 119 seconds.
2016-06-07 00:24:39 [INFO][demo.java.daemon.DaemonThread][demo.java.daemon.DaemonThread:49] - DaemonThread running for 120 seconds.
2016-06-07 00:24:40 [INFO][demo.java.daemon.DaemonThread][demo.java.daemon.DaemonThread:49] - DaemonThread running for 121 seconds.
2016-06-07 00:24:41 [INFO][demo.java.daemon.DaemonThread][demo.java.daemon.DaemonThread:49] - DaemonThread running for 122 seconds.
2016-06-07 00:24:42 [INFO][demo.java.daemon.DaemonThread][demo.java.daemon.DaemonThread:49] - DaemonThread running for 123 seconds.
2016-06-07 00:24:43 [INFO][demo.java.daemon.DaemonThread][demo.java.daemon.DaemonThread:49] - DaemonThread running for 124 seconds.
2016-06-07 00:24:44 [INFO][demo.java.daemon.DaemonThread][demo.java.daemon.DaemonThread:49] - DaemonThread running for 125 seconds.
2016-06-07 00:24:45 [INFO][demo.java.daemon.DaemonThread][demo.java.daemon.DaemonThread:49] - DaemonThread running for 126 seconds.
2016-06-07 00:24:46 [INFO][demo.java.daemon.DaemonThread][demo.java.daemon.DaemonThread:49] - DaemonThread running for 127 seconds.
2016-06-07 00:24:47 [INFO][demo.java.daemon.DaemonThread][demo.java.daemon.DaemonThread:49] - DaemonThread running for 128 seconds.
2016-06-07 00:24:48 [INFO][demo.java.daemon.DaemonThread][demo.java.daemon.DaemonThread:49] - DaemonThread running for 129 seconds.
2016-06-07 00:24:49 [INFO][demo.java.daemon.DaemonThread][demo.java.daemon.DaemonThread:49] - DaemonThread running for 130 seconds.
2016-06-07 00:24:50 [INFO][demo.java.daemon.DaemonThread][demo.java.daemon.DaemonThread:49] - DaemonThread running for 131 seconds.
2016-06-07 00:24:51 [INFO][demo.java.daemon.DaemonThread][demo.java.daemon.DaemonThread:49] - DaemonThread running for 132 seconds.
2016-06-07 00:24:52 [INFO][demo.java.daemon.DaemonThread][demo.java.daemon.DaemonThread:49] - DaemonThread running for 133 seconds.
2016-06-07 00:24:53 [INFO][demo.java.daemon.DaemonThread][demo.java.daemon.DaemonThread:49] - DaemonThread running for 134 seconds.
2016-06-07 00:24:54 [INFO][demo.java.daemon.DaemonThread][demo.java.daemon.DaemonThread:49] - DaemonThread running for 135 seconds.
2016-06-07 00:24:55 [INFO][demo.java.daemon.DaemonThread][demo.java.daemon.DaemonThread:49] - DaemonThread running for 136 seconds.
2016-06-07 00:24:56 [INFO][demo.java.daemon.DaemonThread][demo.java.daemon.DaemonThread:49] - DaemonThread running for 137 seconds.
2016-06-07 00:24:57 [INFO][demo.java.daemon.DaemonThread][demo.java.daemon.DaemonThread:49] - DaemonThread running for 138 seconds.
2016-06-07 00:24:58 [INFO][demo.java.daemon.DaemonThread][demo.java.daemon.DaemonThread:49] - DaemonThread running for 139 seconds.
2016-06-07 00:24:59 [INFO][demo.java.daemon.DaemonThread][demo.java.daemon.DaemonThread:49] - DaemonThread running for 140 seconds.
2016-06-07 00:25:00 [INFO][demo.java.daemon.DaemonThread][demo.java.daemon.DaemonThread:49] - DaemonThread running for 141 seconds.
2016-06-07 00:25:01 [INFO][demo.java.daemon.DaemonThread][demo.java.daemon.DaemonThread:49] - DaemonThread running for 142 seconds.
2016-06-07 00:25:02 [INFO][demo.java.daemon.DaemonThread][demo.java.daemon.DaemonThread:49] - DaemonThread running for 143 seconds.
2016-06-07 00:25:03 [INFO][demo.java.daemon.DaemonThread][demo.java.daemon.DaemonThread:49] - DaemonThread running for 144 seconds.
2016-06-07 00:25:04 [INFO][demo.java.daemon.DaemonThread][demo.java.daemon.DaemonThread:49] - DaemonThread running for 145 seconds.
2016-06-07 00:25:05 [INFO][demo.java.daemon.DaemonThread][demo.java.daemon.DaemonThread:49] - DaemonThread running for 146 seconds.
2016-06-07 00:25:06 [INFO][demo.java.daemon.DaemonThread][demo.java.daemon.DaemonThread:49] - DaemonThread running for 147 seconds.
2016-06-07 00:25:07 [INFO][demo.java.daemon.DaemonThread][demo.java.daemon.DaemonThread:49] - DaemonThread running for 148 seconds.
2016-06-07 00:25:08 [INFO][demo.java.daemon.DaemonThread][demo.java.daemon.DaemonThread:49] - DaemonThread running for 149 seconds.
2016-06-07 00:25:09 [INFO][demo.java.daemon.DaemonThread][demo.java.daemon.DaemonThread:49] - DaemonThread running for 150 seconds.
2016-06-07 00:25:10 [INFO][demo.java.daemon.DaemonThread][demo.java.daemon.DaemonThread:49] - DaemonThread running for 151 seconds.
2016-06-07 00:25:11 [INFO][demo.java.daemon.DaemonThread][demo.java.daemon.DaemonThread:49] - DaemonThread running for 152 seconds.
2016-06-07 00:25:12 [INFO][demo.java.daemon.DaemonThread][demo.java.daemon.DaemonThread:49] - DaemonThread running for 153 seconds.
2016-06-07 00:25:13 [INFO][demo.java.daemon.DaemonThread][demo.java.daemon.DaemonThread:49] - DaemonThread running for 154 seconds.
2016-06-07 00:25:14 [INFO][demo.java.daemon.DaemonThread][demo.java.daemon.DaemonThread:49] - DaemonThread running for 155 seconds.
2016-06-07 00:25:15 [INFO][demo.java.daemon.DaemonThread][demo.java.daemon.DaemonThread:49] - DaemonThread running for 156 seconds.
2016-06-07 00:25:16 [INFO][demo.java.daemon.DaemonThread][demo.java.daemon.DaemonThread:49] - DaemonThread running for 157 seconds.
2016-06-07 00:25:17 [INFO][demo.java.daemon.DaemonThread][demo.java.daemon.DaemonThread:49] - DaemonThread running for 158 seconds.
2016-06-07 00:25:18 [INFO][demo.java.daemon.DaemonThread][demo.java.daemon.DaemonThread:49] - DaemonThread running for 159 seconds.
2016-06-07 00:25:19 [INFO][demo.java.daemon.DaemonThread][demo.java.daemon.DaemonThread:49] - DaemonThread running for 160 seconds.
2016-06-07 00:25:20 [INFO][demo.java.daemon.DaemonThread][demo.java.daemon.DaemonThread:49] - DaemonThread running for 161 seconds.
2016-06-07 00:25:21 [INFO][demo.java.daemon.DaemonThread][demo.java.daemon.DaemonThread:49] - DaemonThread running for 162 seconds.
2016-06-07 00:25:22 [INFO][demo.java.daemon.DaemonThread][demo.java.daemon.DaemonThread:49] - DaemonThread running for 163 seconds.
2016-06-07 00:25:23 [INFO][demo.java.daemon.DaemonThread][demo.java.daemon.DaemonThread:49] - DaemonThread running for 164 seconds.
2016-06-07 00:25:24 [INFO][demo.java.daemon.DaemonThread][demo.java.daemon.DaemonThread:49] - DaemonThread running for 165 seconds.
2016-06-07 00:25:25 [INFO][demo.java.daemon.DaemonThread][demo.java.daemon.DaemonThread:49] - DaemonThread running for 166 seconds.
2016-06-07 00:25:26 [INFO][demo.java.daemon.DaemonThread][demo.java.daemon.DaemonThread:49] - DaemonThread running for 167 seconds.
2016-06-07 00:25:27 [INFO][demo.java.daemon.DaemonThread][demo.java.daemon.DaemonThread:49] - DaemonThread running for 168 seconds.
2016-06-07 00:25:28 [INFO][demo.java.daemon.DaemonThread][demo.java.daemon.DaemonThread:49] - DaemonThread running for 169 seconds.
2016-06-07 00:25:29 [INFO][demo.java.daemon.DaemonThread][demo.java.daemon.DaemonThread:49] - DaemonThread running for 170 seconds.
2016-06-07 00:25:30 [INFO][demo.java.daemon.DaemonThread][demo.java.daemon.DaemonThread:49] - DaemonThread running for 171 seconds.
2016-06-07 00:25:31 [INFO][demo.java.daemon.DaemonThread][demo.java.daemon.DaemonThread:49] - DaemonThread running for 172 seconds.
2016-06-07 00:25:32 [INFO][demo.java.daemon.DaemonThread][demo.java.daemon.DaemonThread:49] - DaemonThread running for 173 seconds.
2016-06-07 00:25:33 [INFO][demo.java.daemon.DaemonThread][demo.java.daemon.DaemonThread:49] - DaemonThread running for 174 seconds.
2016-06-07 00:25:34 [INFO][demo.java.daemon.DaemonThread][demo.java.daemon.DaemonThread:49] - DaemonThread running for 175 seconds.
2016-06-07 00:25:35 [INFO][demo.java.daemon.DaemonThread][demo.java.daemon.DaemonThread:49] - DaemonThread running for 176 seconds.
2016-06-07 00:25:36 [INFO][demo.java.daemon.DaemonThread][demo.java.daemon.DaemonThread:49] - DaemonThread running for 177 seconds.
2016-06-07 00:25:37 [INFO][demo.java.daemon.DaemonThread][demo.java.daemon.DaemonThread:49] - DaemonThread running for 178 seconds.
2016-06-07 00:25:38 [INFO][demo.java.daemon.DaemonThread][demo.java.daemon.DaemonThread:49] - DaemonThread running for 179 seconds.
2016-06-07 00:25:39 [INFO][demo.java.daemon.DaemonThread][demo.java.daemon.DaemonThread:49] - DaemonThread running for 180 seconds.
2016-06-07 00:25:40 [INFO][demo.java.daemon.DaemonThread][demo.java.daemon.DaemonThread:49] - DaemonThread running for 181 seconds.
2016-06-07 00:25:41 [INFO][demo.java.daemon.DaemonThread][demo.java.daemon.DaemonThread:49] - DaemonThread running for 182 seconds.
2016-06-07 00:25:42 [INFO][demo.java.daemon.DaemonThread][demo.java.daemon.DaemonThread:49] - DaemonThread running for 183 seconds.
2016-06-07 00:25:43 [INFO][demo.java.daemon.DaemonThread][demo.java.daemon.DaemonThread:49] - DaemonThread running for 184 seconds.
2016-06-07 00:25:44 [INFO][demo.java.daemon.DaemonThread][demo.java.daemon.DaemonThread:49] - DaemonThread running for 185 seconds.
2016-06-07 00:25:45 [INFO][demo.java.daemon.DaemonThread][demo.java.daemon.DaemonThread:49] - DaemonThread running for 186 seconds.
2016-06-07 00:25:46 [INFO][demo.java.daemon.DaemonThread][demo.java.daemon.DaemonThread:49] - DaemonThread running for 187 seconds.
2016-06-07 00:25:47 [INFO][demo.java.daemon.DaemonThread][demo.java.daemon.DaemonThread:49] - DaemonThread running for 188 seconds.
2016-06-07 00:25:48 [INFO][demo.java.daemon.DaemonThread][demo.java.daemon.DaemonThread:49] - DaemonThread running for 189 seconds.
2016-06-07 00:25:49 [INFO][demo.java.daemon.DaemonThread][demo.java.daemon.DaemonThread:49] - DaemonThread running for 190 seconds.
2016-06-07 00:25:50 [INFO][demo.java.daemon.DaemonThread][demo.java.daemon.DaemonThread:49] - DaemonThread running for 191 seconds.
2016-06-07 00:25:51 [INFO][demo.java.daemon.DaemonThread][demo.java.daemon.DaemonThread:49] - DaemonThread running for 192 seconds.
2016-06-07 00:25:52 [INFO][demo.java.daemon.DaemonThread][demo.java.daemon.DaemonThread:49] - DaemonThread running for 193 seconds.
2016-06-07 00:25:53 [INFO][demo.java.daemon.DaemonThread][demo.java.daemon.DaemonThread:49] - DaemonThread running for 194 seconds.
2016-06-07 00:25:54 [INFO][demo.java.daemon.DaemonThread][demo.java.daemon.DaemonThread:49] - DaemonThread running for 195 seconds.
2016-06-07 00:25:55 [INFO][demo.java.daemon.DaemonThread][demo.java.daemon.DaemonThread:49] - DaemonThread running for 196 seconds.
2016-06-07 00:25:56 [INFO][demo.java.daemon.DaemonThread][demo.java.daemon.DaemonThread:49] - DaemonThread running for 197 seconds.
2016-06-07 00:25:57 [INFO][demo.java.daemon.DaemonThread][demo.java.daemon.DaemonThread:49] - DaemonThread running for 198 seconds.
2016-06-07 00:25:58 [INFO][demo.java.daemon.DaemonThread][demo.java.daemon.DaemonThread:49] - DaemonThread running for 199 seconds.
2016-06-07 00:25:59 [INFO][demo.java.daemon.DaemonThread][demo.java.daemon.DaemonThread:49] - DaemonThread running for 200 seconds.
2016-06-07 00:26:00 [INFO][demo.java.daemon.DaemonThread][demo.java.daemon.DaemonThread:49] - DaemonThread running for 201 seconds.
2016-06-07 00:26:01 [INFO][demo.java.daemon.DaemonThread][demo.java.daemon.DaemonThread:49] - DaemonThread running for 202 seconds.
2016-06-07 00:26:02 [INFO][demo.java.daemon.DaemonThread][demo.java.daemon.DaemonThread:49] - DaemonThread running for 203 seconds.
2016-06-07 00:26:03 [INFO][demo.java.daemon.DaemonThread][demo.java.daemon.DaemonThread:49] - DaemonThread running for 204 seconds.
2016-06-07 00:26:04 [INFO][demo.java.daemon.DaemonThread][demo.java.daemon.DaemonThread:49] - DaemonThread running for 205 seconds.
2016-06-07 00:26:05 [INFO][demo.java.daemon.DaemonThread][demo.java.daemon.DaemonThread:49] - DaemonThread running for 206 seconds.
2016-06-07 00:26:06 [INFO][demo.java.daemon.DaemonThread][demo.java.daemon.DaemonThread:49] - DaemonThread running for 207 seconds.
2016-06-07 00:26:07 [INFO][demo.java.daemon.DaemonThread][demo.java.daemon.DaemonThread:49] - DaemonThread running for 208 seconds.
2016-06-07 00:26:08 [INFO][demo.java.daemon.DaemonThread][demo.java.daemon.DaemonThread:49] - DaemonThread running for 209 seconds.
2016-06-07 00:26:09 [INFO][demo.java.daemon.DaemonThread][demo.java.daemon.DaemonThread:49] - DaemonThread running for 210 seconds.
2016-06-07 00:26:10 [INFO][demo.java.daemon.DaemonThread][demo.java.daemon.DaemonThread:49] - DaemonThread running for 211 seconds.
2016-06-07 00:26:11 [INFO][demo.java.daemon.DaemonThread][demo.java.daemon.DaemonThread:49] - DaemonThread running for 212 seconds.
2016-06-07 00:26:12 [INFO][demo.java.daemon.DaemonThread][demo.java.daemon.DaemonThread:49] - DaemonThread running for 213 seconds.
2016-06-07 00:26:13 [INFO][demo.java.daemon.DaemonThread][demo.java.daemon.DaemonThread:49] - DaemonThread running for 214 seconds.
2016-06-07 00:26:14 [INFO][demo.java.daemon.DaemonThread][demo.java.daemon.DaemonThread:49] - DaemonThread running for 215 seconds.
2016-06-07 00:26:15 [INFO][demo.java.daemon.DaemonThread][demo.java.daemon.DaemonThread:49] - DaemonThread running for 216 seconds.
2016-06-07 00:26:16 [INFO][demo.java.daemon.DaemonThread][demo.java.daemon.DaemonThread:49] - DaemonThread running for 217 seconds.
2016-06-07 00:26:17 [INFO][demo.java.daemon.DaemonThread][demo.java.daemon.DaemonThread:49] - DaemonThread running for 218 seconds.
2016-06-07 00:26:18 [INFO][demo.java.daemon.DaemonThread][demo.java.daemon.DaemonThread:49] - DaemonThread running for 219 seconds.
2016-06-07 00:26:19 [INFO][demo.java.daemon.DaemonThread][demo.java.daemon.DaemonThread:49] - DaemonThread running for 220 seconds.
2016-06-07 00:26:20 [INFO][demo.java.daemon.DaemonThread][demo.java.daemon.DaemonThread:49] - DaemonThread running for 221 seconds.
2016-06-07 00:26:21 [INFO][demo.java.daemon.DaemonThread][demo.java.daemon.DaemonThread:49] - DaemonThread running for 222 seconds.
2016-06-07 00:26:22 [INFO][demo.java.daemon.DaemonThread][demo.java.daemon.DaemonThread:49] - DaemonThread running for 223 seconds.
2016-06-07 00:26:23 [INFO][demo.java.daemon.DaemonThread][demo.java.daemon.DaemonThread:49] - DaemonThread running for 224 seconds.
2016-06-07 00:26:24 [INFO][demo.java.daemon.DaemonThread][demo.java.daemon.DaemonThread:49] - DaemonThread running for 225 seconds.
2016-06-07 00:26:25 [INFO][demo.java.daemon.DaemonThread][demo.java.daemon.DaemonThread:49] - DaemonThread running for 226 seconds.
2016-06-07 00:26:26 [INFO][demo.java.daemon.DaemonThread][demo.java.daemon.DaemonThread:49] - DaemonThread running for 227 seconds.
2016-06-07 00:26:27 [INFO][demo.java.daemon.DaemonThread][demo.java.daemon.DaemonThread:49] - DaemonThread running for 228 seconds.
2016-06-07 00:26:28 [INFO][demo.java.daemon.DaemonThread][demo.java.daemon.DaemonThread:49] - DaemonThread running for 229 seconds.
2016-06-07 00:26:29 [INFO][demo.java.daemon.DaemonThread][demo.java.daemon.DaemonThread:49] - DaemonThread running for 230 seconds.
2016-06-07 00:26:30 [INFO][demo.java.daemon.DaemonThread][demo.java.daemon.DaemonThread:49] - DaemonThread running for 231 seconds.
2016-06-07 00:26:31 [INFO][demo.java.daemon.DaemonThread][demo.java.daemon.DaemonThread:49] - DaemonThread running for 232 seconds.
2016-06-07 00:26:32 [INFO][demo.java.daemon.DaemonThread][demo.java.daemon.DaemonThread:49] - DaemonThread running for 233 seconds.
2016-06-07 00:26:32 [INFO][demo.java.daemon.DemoDaemon][demo.java.daemon.DemoDaemon:24] - Stop Main Thread main.
2016-06-07 00:30:10 [INFO][demo.java.daemon.DemoDaemon][demo.java.daemon.DemoDaemon:17] - Start Main Thread main.
2016-06-07 00:30:10 [INFO][demo.java.daemon.DaemonThread][demo.java.daemon.DaemonThread:46] - Start DaemonThread DaemonThread.
2016-06-07 00:30:10 [INFO][demo.java.daemon.DaemonThread][demo.java.daemon.DaemonThread:49] - DaemonThread running for 0 seconds.
2016-06-07 00:30:11 [INFO][demo.java.daemon.DaemonThread][demo.java.daemon.DaemonThread:49] - DaemonThread running for 1 seconds.
2016-06-07 00:30:12 [INFO][demo.java.daemon.DaemonThread][demo.java.daemon.DaemonThread:49] - DaemonThread running for 2 seconds.
2016-06-07 00:30:13 [INFO][demo.java.daemon.DaemonThread][demo.java.daemon.DaemonThread:49] - DaemonThread running for 3 seconds.
2016-06-07 00:30:14 [INFO][demo.java.daemon.DaemonThread][demo.java.daemon.DaemonThread:49] - DaemonThread running for 4 seconds.
2016-06-07 00:30:15 [INFO][demo.java.daemon.DaemonThread][demo.java.daemon.DaemonThread:49] - DaemonThread running for 5 seconds.
2016-06-07 00:30:16 [INFO][demo.java.daemon.DaemonThread][demo.java.daemon.DaemonThread:49] - DaemonThread running for 6 seconds.
2016-06-07 00:30:17 [INFO][demo.java.daemon.DaemonThread][demo.java.daemon.DaemonThread:49] - DaemonThread running for 7 seconds.
2016-06-07 00:30:18 [INFO][demo.java.daemon.DaemonThread][demo.java.daemon.DaemonThread:49] - DaemonThread running for 8 seconds.
2016-06-07 00:30:19 [INFO][demo.java.daemon.DaemonThread][demo.java.daemon.DaemonThread:49] - DaemonThread running for 9 seconds.
2016-06-07 00:30:20 [INFO][demo.java.daemon.DaemonThread][demo.java.daemon.DaemonThread:49] - DaemonThread running for 10 seconds.
2016-06-07 00:30:21 [INFO][demo.java.daemon.DaemonThread][demo.java.daemon.DaemonThread:49] - DaemonThread running for 11 seconds.
2016-06-07 00:30:22 [INFO][demo.java.daemon.DaemonThread][demo.java.daemon.DaemonThread:49] - DaemonThread running for 12 seconds.
2016-06-07 00:30:23 [INFO][demo.java.daemon.DaemonThread][demo.java.daemon.DaemonThread:49] - DaemonThread running for 13 seconds.
2016-06-07 00:30:24 [INFO][demo.java.daemon.DaemonThread][demo.java.daemon.DaemonThread:49] - DaemonThread running for 14 seconds.
2016-06-07 00:30:25 [INFO][demo.java.daemon.DaemonThread][demo.java.daemon.DaemonThread:49] - DaemonThread running for 15 seconds.
2016-06-07 00:30:26 [INFO][demo.java.daemon.DaemonThread][demo.java.daemon.DaemonThread:49] - DaemonThread running for 16 seconds.
2016-06-07 00:30:27 [INFO][demo.java.daemon.DaemonThread][demo.java.daemon.DaemonThread:49] - DaemonThread running for 17 seconds.
2016-06-07 00:30:28 [INFO][demo.java.daemon.DaemonThread][demo.java.daemon.DaemonThread:49] - DaemonThread running for 18 seconds.
2016-06-07 00:30:29 [INFO][demo.java.daemon.DaemonThread][demo.java.daemon.DaemonThread:49] - DaemonThread running for 19 seconds.
2016-06-07 00:30:30 [INFO][demo.java.daemon.DaemonThread][demo.java.daemon.DaemonThread:49] - DaemonThread running for 20 seconds.
2016-06-07 00:30:31 [INFO][demo.java.daemon.DaemonThread][demo.java.daemon.DaemonThread:49] - DaemonThread running for 21 seconds.
2016-06-07 00:30:32 [INFO][demo.java.daemon.DaemonThread][demo.java.daemon.DaemonThread:49] - DaemonThread running for 22 seconds.
2016-06-07 00:30:33 [INFO][demo.java.daemon.DemoDaemon][demo.java.daemon.DemoDaemon:24] - Stop Main Thread main.
2016-06-07 00:30:45 [INFO][demo.java.daemon.DemoDaemon][demo.java.daemon.DemoDaemon:17] - Start Main Thread main.
2016-06-07 00:30:45 [INFO][demo.java.daemon.DaemonThread][demo.java.daemon.DaemonThread:46] - Start DaemonThread DaemonThread.
2016-06-07 00:30:45 [INFO][demo.java.daemon.DaemonThread][demo.java.daemon.DaemonThread:49] - DaemonThread running for 0 seconds.
2016-06-07 00:30:46 [INFO][demo.java.daemon.DaemonThread][demo.java.daemon.DaemonThread:49] - DaemonThread running for 1 seconds.
2016-06-07 00:30:47 [INFO][demo.java.daemon.DaemonThread][demo.java.daemon.DaemonThread:49] - DaemonThread running for 2 seconds.
2016-06-07 00:30:48 [INFO][demo.java.daemon.DaemonThread][demo.java.daemon.DaemonThread:49] - DaemonThread running for 3 seconds.
2016-06-07 00:30:49 [INFO][demo.java.daemon.DaemonThread][demo.java.daemon.DaemonThread:49] - DaemonThread running for 4 seconds.
2016-06-07 00:30:50 [INFO][demo.java.daemon.DaemonThread][demo.java.daemon.DaemonThread:49] - DaemonThread running for 5 seconds.
2016-06-07 00:30:51 [INFO][demo.java.daemon.DaemonThread][demo.java.daemon.DaemonThread:49] - DaemonThread running for 6 seconds.
2016-06-07 00:30:52 [INFO][demo.java.daemon.DaemonThread][demo.java.daemon.DaemonThread:49] - DaemonThread running for 7 seconds.
2016-06-07 00:30:53 [INFO][demo.java.daemon.DaemonThread][demo.java.daemon.DaemonThread:49] - DaemonThread running for 8 seconds.
2016-06-07 00:30:54 [INFO][demo.java.daemon.DaemonThread][demo.java.daemon.DaemonThread:49] - DaemonThread running for 9 seconds.
2016-06-07 00:30:55 [INFO][demo.java.daemon.DaemonThread][demo.java.daemon.DaemonThread:49] - DaemonThread running for 10 seconds.
2016-06-07 00:30:56 [INFO][demo.java.daemon.DaemonThread][demo.java.daemon.DaemonThread:49] - DaemonThread running for 11 seconds.
2016-06-07 00:30:57 [INFO][demo.java.daemon.DaemonThread][demo.java.daemon.DaemonThread:49] - DaemonThread running for 12 seconds.
2016-06-07 00:30:58 [INFO][demo.java.daemon.DaemonThread][demo.java.daemon.DaemonThread:49] - DaemonThread running for 13 seconds.
2016-06-07 00:30:59 [INFO][demo.java.daemon.DaemonThread][demo.java.daemon.DaemonThread:49] - DaemonThread running for 14 seconds.
2016-06-07 00:31:00 [INFO][demo.java.daemon.DaemonThread][demo.java.daemon.DaemonThread:49] - DaemonThread running for 15 seconds.
2016-06-07 00:31:01 [INFO][demo.java.daemon.DaemonThread][demo.java.daemon.DaemonThread:49] - DaemonThread running for 16 seconds.
2016-06-07 00:31:02 [INFO][demo.java.daemon.DaemonThread][demo.java.daemon.DaemonThread:49] - DaemonThread running for 17 seconds.
2016-06-07 00:31:03 [INFO][demo.java.daemon.DaemonThread][demo.java.daemon.DaemonThread:49] - DaemonThread running for 18 seconds.
2016-06-07 00:31:04 [INFO][demo.java.daemon.DaemonThread][demo.java.daemon.DaemonThread:49] - DaemonThread running for 19 seconds.
2016-06-07 00:31:05 [INFO][demo.java.daemon.DaemonThread][demo.java.daemon.DaemonThread:49] - DaemonThread running for 20 seconds.
2016-06-07 00:31:06 [INFO][demo.java.daemon.DaemonThread][demo.java.daemon.DaemonThread:49] - DaemonThread running for 21 seconds.
2016-06-07 00:31:07 [INFO][demo.java.daemon.DaemonThread][demo.java.daemon.DaemonThread:49] - DaemonThread running for 22 seconds.
2016-06-07 00:31:08 [INFO][demo.java.daemon.DaemonThread][demo.java.daemon.DaemonThread:49] - DaemonThread running for 23 seconds.
2016-06-07 00:31:09 [INFO][demo.java.daemon.DaemonThread][demo.java.daemon.DaemonThread:49] - DaemonThread running for 24 seconds.
2016-06-07 00:31:10 [INFO][demo.java.daemon.DaemonThread][demo.java.daemon.DaemonThread:49] - DaemonThread running for 25 seconds.
2016-06-07 00:31:11 [INFO][demo.java.daemon.DaemonThread][demo.java.daemon.DaemonThread:49] - DaemonThread running for 26 seconds.
2016-06-07 00:31:12 [INFO][demo.java.daemon.DaemonThread][demo.java.daemon.DaemonThread:49] - DaemonThread running for 27 seconds.
2016-06-07 00:31:13 [INFO][demo.java.daemon.DaemonThread][demo.java.daemon.DaemonThread:49] - DaemonThread running for 28 seconds.
2016-06-07 00:31:14 [INFO][demo.java.daemon.DaemonThread][demo.java.daemon.DaemonThread:49] - DaemonThread running for 29 seconds.
2016-06-07 00:31:15 [INFO][demo.java.daemon.DaemonThread][demo.java.daemon.DaemonThread:49] - DaemonThread running for 30 seconds.
2016-06-07 00:31:16 [INFO][demo.java.daemon.DaemonThread][demo.java.daemon.DaemonThread:49] - DaemonThread running for 31 seconds.
2016-06-07 00:31:17 [INFO][demo.java.daemon.DaemonThread][demo.java.daemon.DaemonThread:49] - DaemonThread running for 32 seconds.
2016-06-07 00:31:18 [INFO][demo.java.daemon.DaemonThread][demo.java.daemon.DaemonThread:49] - DaemonThread running for 33 seconds.
2016-06-07 00:31:19 [INFO][demo.java.daemon.DaemonThread][demo.java.daemon.DaemonThread:49] - DaemonThread running for 34 seconds.
2016-06-07 00:31:20 [INFO][demo.java.daemon.DaemonThread][demo.java.daemon.DaemonThread:49] - DaemonThread running for 35 seconds.
2016-06-07 00:31:21 [INFO][demo.java.daemon.DaemonThread][demo.java.daemon.DaemonThread:49] - DaemonThread running for 36 seconds.
2016-06-07 00:31:22 [INFO][demo.java.daemon.DaemonThread][demo.java.daemon.DaemonThread:49] - DaemonThread running for 37 seconds.
2016-06-07 00:31:23 [INFO][demo.java.daemon.DaemonThread][demo.java.daemon.DaemonThread:49] - DaemonThread running for 38 seconds.
2016-06-07 00:31:24 [INFO][demo.java.daemon.DaemonThread][demo.java.daemon.DaemonThread:49] - DaemonThread running for 39 seconds.
2016-06-07 00:31:25 [INFO][demo.java.daemon.DaemonThread][demo.java.daemon.DaemonThread:49] - DaemonThread running for 40 seconds.
2016-06-07 00:31:26 [INFO][demo.java.daemon.DaemonThread][demo.java.daemon.DaemonThread:49] - DaemonThread running for 41 seconds.
2016-06-07 00:31:27 [INFO][demo.java.daemon.DaemonThread][demo.java.daemon.DaemonThread:49] - DaemonThread running for 42 seconds.
2016-06-07 00:31:28 [INFO][demo.java.daemon.DaemonThread][demo.java.daemon.DaemonThread:49] - DaemonThread running for 43 seconds.
2016-06-07 00:31:29 [INFO][demo.java.daemon.DaemonThread][demo.java.daemon.DaemonThread:49] - DaemonThread running for 44 seconds.
2016-06-07 00:31:30 [INFO][demo.java.daemon.DaemonThread][demo.java.daemon.DaemonThread:49] - DaemonThread running for 45 seconds.
2016-06-07 00:31:31 [INFO][demo.java.daemon.DaemonThread][demo.java.daemon.DaemonThread:49] - DaemonThread running for 46 seconds.
2016-06-07 00:31:32 [INFO][demo.java.daemon.DaemonThread][demo.java.daemon.DaemonThread:49] - DaemonThread running for 47 seconds.
2016-06-07 00:31:33 [INFO][demo.java.daemon.DaemonThread][demo.java.daemon.DaemonThread:49] - DaemonThread running for 48 seconds.
2016-06-07 00:31:34 [INFO][demo.java.daemon.DaemonThread][demo.java.daemon.DaemonThread:49] - DaemonThread running for 49 seconds.
2016-06-07 00:31:35 [INFO][demo.java.daemon.DaemonThread][demo.java.daemon.DaemonThread:49] - DaemonThread running for 50 seconds.
2016-06-07 00:31:36 [INFO][demo.java.daemon.DaemonThread][demo.java.daemon.DaemonThread:49] - DaemonThread running for 51 seconds.
2016-06-07 00:31:37 [INFO][demo.java.daemon.DaemonThread][demo.java.daemon.DaemonThread:49] - DaemonThread running for 52 seconds.
2016-06-07 00:31:38 [INFO][demo.java.daemon.DaemonThread][demo.java.daemon.DaemonThread:49] - DaemonThread running for 53 seconds.
2016-06-07 00:31:39 [INFO][demo.java.daemon.DaemonThread][demo.java.daemon.DaemonThread:49] - DaemonThread running for 54 seconds.
2016-06-07 00:31:40 [INFO][demo.java.daemon.DaemonThread][demo.java.daemon.DaemonThread:49] - DaemonThread running for 55 seconds.
2016-06-07 00:31:41 [INFO][demo.java.daemon.DaemonThread][demo.java.daemon.DaemonThread:49] - DaemonThread running for 56 seconds.
2016-06-07 00:31:42 [INFO][demo.java.daemon.DaemonThread][demo.java.daemon.DaemonThread:49] - DaemonThread running for 57 seconds.
2016-06-07 00:31:43 [INFO][demo.java.daemon.DaemonThread][demo.java.daemon.DaemonThread:49] - DaemonThread running for 58 seconds.
2016-06-07 00:31:44 [INFO][demo.java.daemon.DaemonThread][demo.java.daemon.DaemonThread:49] - DaemonThread running for 59 seconds.
2016-06-07 00:31:45 [INFO][demo.java.daemon.DaemonThread][demo.java.daemon.DaemonThread:49] - DaemonThread running for 60 seconds.
2016-06-07 00:31:46 [INFO][demo.java.daemon.DaemonThread][demo.java.daemon.DaemonThread:49] - DaemonThread running for 61 seconds.
2016-06-07 00:31:47 [INFO][demo.java.daemon.DaemonThread][demo.java.daemon.DaemonThread:49] - DaemonThread running for 62 seconds.
2016-06-07 00:31:48 [INFO][demo.java.daemon.DaemonThread][demo.java.daemon.DaemonThread:49] - DaemonThread running for 63 seconds.
2016-06-07 00:31:49 [INFO][demo.java.daemon.DaemonThread][demo.java.daemon.DaemonThread:49] - DaemonThread running for 64 seconds.
2016-06-07 00:31:50 [INFO][demo.java.daemon.DaemonThread][demo.java.daemon.DaemonThread:49] - DaemonThread running for 65 seconds.
2016-06-07 00:31:51 [INFO][demo.java.daemon.DaemonThread][demo.java.daemon.DaemonThread:49] - DaemonThread running for 66 seconds.
2016-06-07 00:31:52 [INFO][demo.java.daemon.DaemonThread][demo.java.daemon.DaemonThread:49] - DaemonThread running for 67 seconds.
2016-06-07 00:31:53 [INFO][demo.java.daemon.DaemonThread][demo.java.daemon.DaemonThread:49] - DaemonThread running for 68 seconds.
2016-06-07 00:31:54 [INFO][demo.java.daemon.DaemonThread][demo.java.daemon.DaemonThread:49] - DaemonThread running for 69 seconds.
2016-06-07 00:31:55 [INFO][demo.java.daemon.DaemonThread][demo.java.daemon.DaemonThread:49] - DaemonThread running for 70 seconds.
2016-06-07 00:31:56 [INFO][demo.java.daemon.DaemonThread][demo.java.daemon.DaemonThread:49] - DaemonThread running for 71 seconds.
2016-06-07 00:31:57 [INFO][demo.java.daemon.DaemonThread][demo.java.daemon.DaemonThread:49] - DaemonThread running for 72 seconds.
2016-06-07 00:31:58 [INFO][demo.java.daemon.DaemonThread][demo.java.daemon.DaemonThread:49] - DaemonThread running for 73 seconds.
2016-06-07 00:31:59 [INFO][demo.java.daemon.DaemonThread][demo.java.daemon.DaemonThread:49] - DaemonThread running for 74 seconds.
2016-06-07 00:32:00 [INFO][demo.java.daemon.DaemonThread][demo.java.daemon.DaemonThread:49] - DaemonThread running for 75 seconds.
2016-06-07 00:32:01 [INFO][demo.java.daemon.DaemonThread][demo.java.daemon.DaemonThread:49] - DaemonThread running for 76 seconds.
2016-06-07 00:32:02 [INFO][demo.java.daemon.DaemonThread][demo.java.daemon.DaemonThread:49] - DaemonThread running for 77 seconds.
2016-06-07 00:32:03 [INFO][demo.java.daemon.DaemonThread][demo.java.daemon.DaemonThread:49] - DaemonThread running for 78 seconds.
2016-06-07 00:32:04 [INFO][demo.java.daemon.DaemonThread][demo.java.daemon.DaemonThread:49] - DaemonThread running for 79 seconds.
2016-06-07 00:32:05 [INFO][demo.java.daemon.DaemonThread][demo.java.daemon.DaemonThread:49] - DaemonThread running for 80 seconds.
2016-06-07 00:32:06 [INFO][demo.java.daemon.DaemonThread][demo.java.daemon.DaemonThread:49] - DaemonThread running for 81 seconds.
2016-06-07 00:32:07 [INFO][demo.java.daemon.DaemonThread][demo.java.daemon.DaemonThread:49] - DaemonThread running for 82 seconds.
2016-06-07 00:32:08 [INFO][demo.java.daemon.DaemonThread][demo.java.daemon.DaemonThread:49] - DaemonThread running for 83 seconds.
2016-06-07 00:32:09 [INFO][demo.java.daemon.DaemonThread][demo.java.daemon.DaemonThread:49] - DaemonThread running for 84 seconds.
2016-06-07 00:32:10 [INFO][demo.java.daemon.DaemonThread][demo.java.daemon.DaemonThread:49] - DaemonThread running for 85 seconds.
2016-06-07 00:32:11 [INFO][demo.java.daemon.DaemonThread][demo.java.daemon.DaemonThread:49] - DaemonThread running for 86 seconds.
2016-06-07 00:32:12 [INFO][demo.java.daemon.DaemonThread][demo.java.daemon.DaemonThread:49] - DaemonThread running for 87 seconds.
2016-06-07 00:32:13 [INFO][demo.java.daemon.DaemonThread][demo.java.daemon.DaemonThread:49] - DaemonThread running for 88 seconds.
2016-06-07 00:32:14 [INFO][demo.java.daemon.DaemonThread][demo.java.daemon.DaemonThread:49] - DaemonThread running for 89 seconds.
2016-06-07 00:32:15 [INFO][demo.java.daemon.DaemonThread][demo.java.daemon.DaemonThread:49] - DaemonThread running for 90 seconds.
2016-06-07 00:32:16 [INFO][demo.java.daemon.DaemonThread][demo.java.daemon.DaemonThread:49] - DaemonThread running for 91 seconds.
2016-06-07 00:32:17 [INFO][demo.java.daemon.DaemonThread][demo.java.daemon.DaemonThread:49] - DaemonThread running for 92 seconds.
2016-06-07 00:32:18 [INFO][demo.java.daemon.DaemonThread][demo.java.daemon.DaemonThread:49] - DaemonThread running for 93 seconds.
2016-06-07 00:32:19 [INFO][demo.java.daemon.DaemonThread][demo.java.daemon.DaemonThread:49] - DaemonThread running for 94 seconds.
2016-06-07 00:32:20 [INFO][demo.java.daemon.DaemonThread][demo.java.daemon.DaemonThread:49] - DaemonThread running for 95 seconds.
2016-06-07 00:32:21 [INFO][demo.java.daemon.DaemonThread][demo.java.daemon.DaemonThread:49] - DaemonThread running for 96 seconds.
2016-06-07 00:32:22 [INFO][demo.java.daemon.DaemonThread][demo.java.daemon.DaemonThread:49] - DaemonThread running for 97 seconds.
2016-06-07 00:32:23 [INFO][demo.java.daemon.DaemonThread][demo.java.daemon.DaemonThread:49] - DaemonThread running for 98 seconds.
2016-06-07 00:32:24 [INFO][demo.java.daemon.DaemonThread][demo.java.daemon.DaemonThread:49] - DaemonThread running for 99 seconds.
2016-06-07 00:32:25 [INFO][demo.java.daemon.DaemonThread][demo.java.daemon.DaemonThread:49] - DaemonThread running for 100 seconds.
2016-06-07 00:32:26 [INFO][demo.java.daemon.DaemonThread][demo.java.daemon.DaemonThread:49] - DaemonThread running for 101 seconds.
2016-06-07 00:32:27 [INFO][demo.java.daemon.DaemonThread][demo.java.daemon.DaemonThread:49] - DaemonThread running for 102 seconds.
2016-06-07 00:32:28 [INFO][demo.java.daemon.DaemonThread][demo.java.daemon.DaemonThread:49] - DaemonThread running for 103 seconds.
2016-06-07 00:32:29 [INFO][demo.java.daemon.DaemonThread][demo.java.daemon.DaemonThread:49] - DaemonThread running for 104 seconds.
2016-06-07 00:32:30 [INFO][demo.java.daemon.DaemonThread][demo.java.daemon.DaemonThread:49] - DaemonThread running for 105 seconds.
2016-06-07 00:32:31 [INFO][demo.java.daemon.DaemonThread][demo.java.daemon.DaemonThread:49] - DaemonThread running for 106 seconds.
2016-06-07 00:32:32 [INFO][demo.java.daemon.DaemonThread][demo.java.daemon.DaemonThread:49] - DaemonThread running for 107 seconds.
2016-06-07 00:32:33 [INFO][demo.java.daemon.DaemonThread][demo.java.daemon.DaemonThread:49] - DaemonThread running for 108 seconds.
2016-06-07 00:32:34 [INFO][demo.java.daemon.DaemonThread][demo.java.daemon.DaemonThread:49] - DaemonThread running for 109 seconds.
2016-06-07 00:32:35 [INFO][demo.java.daemon.DaemonThread][demo.java.daemon.DaemonThread:49] - DaemonThread running for 110 seconds.
2016-06-07 00:32:36 [INFO][demo.java.daemon.DaemonThread][demo.java.daemon.DaemonThread:49] - DaemonThread running for 111 seconds.
2016-06-07 00:32:37 [INFO][demo.java.daemon.DaemonThread][demo.java.daemon.DaemonThread:49] - DaemonThread running for 112 seconds.
2016-06-07 00:32:38 [INFO][demo.java.daemon.DaemonThread][demo.java.daemon.DaemonThread:49] - DaemonThread running for 113 seconds.
2016-06-07 00:32:39 [INFO][demo.java.daemon.DaemonThread][demo.java.daemon.DaemonThread:49] - DaemonThread running for 114 seconds.
2016-06-07 00:32:40 [INFO][demo.java.daemon.DaemonThread][demo.java.daemon.DaemonThread:49] - DaemonThread running for 115 seconds.
2016-06-07 00:32:41 [INFO][demo.java.daemon.DaemonThread][demo.java.daemon.DaemonThread:49] - DaemonThread running for 116 seconds.
2016-06-07 00:32:42 [INFO][demo.java.daemon.DaemonThread][demo.java.daemon.DaemonThread:49] - DaemonThread running for 117 seconds.
2016-06-07 00:32:43 [INFO][demo.java.daemon.DaemonThread][demo.java.daemon.DaemonThread:49] - DaemonThread running for 118 seconds.
2016-06-07 00:32:44 [INFO][demo.java.daemon.DaemonThread][demo.java.daemon.DaemonThread:49] - DaemonThread running for 119 seconds.
2016-06-07 00:32:45 [INFO][demo.java.daemon.DaemonThread][demo.java.daemon.DaemonThread:49] - DaemonThread running for 120 seconds.
2016-06-07 00:32:46 [INFO][demo.java.daemon.DaemonThread][demo.java.daemon.DaemonThread:49] - DaemonThread running for 121 seconds.
2016-06-07 00:32:47 [INFO][demo.java.daemon.DaemonThread][demo.java.daemon.DaemonThread:49] - DaemonThread running for 122 seconds.
2016-06-07 00:32:48 [INFO][demo.java.daemon.DaemonThread][demo.java.daemon.DaemonThread:49] - DaemonThread running for 123 seconds.
2016-06-07 00:32:49 [INFO][demo.java.daemon.DaemonThread][demo.java.daemon.DaemonThread:49] - DaemonThread running for 124 seconds.
2016-06-07 00:32:50 [INFO][demo.java.daemon.DaemonThread][demo.java.daemon.DaemonThread:49] - DaemonThread running for 125 seconds.
2016-06-07 00:32:51 [INFO][demo.java.daemon.DaemonThread][demo.java.daemon.DaemonThread:49] - DaemonThread running for 126 seconds.
2016-06-07 00:32:52 [INFO][demo.java.daemon.DaemonThread][demo.java.daemon.DaemonThread:49] - DaemonThread running for 127 seconds.
2016-06-07 00:32:53 [INFO][demo.java.daemon.DaemonThread][demo.java.daemon.DaemonThread:49] - DaemonThread running for 128 seconds.
2016-06-07 00:32:54 [INFO][demo.java.daemon.DaemonThread][demo.java.daemon.DaemonThread:49] - DaemonThread running for 129 seconds.
2016-06-07 00:32:55 [INFO][demo.java.daemon.DaemonThread][demo.java.daemon.DaemonThread:49] - DaemonThread running for 130 seconds.
2016-06-07 00:32:56 [INFO][demo.java.daemon.DaemonThread][demo.java.daemon.DaemonThread:49] - DaemonThread running for 131 seconds.
2016-06-07 00:32:57 [INFO][demo.java.daemon.DaemonThread][demo.java.daemon.DaemonThread:49] - DaemonThread running for 132 seconds.
2016-06-07 00:32:58 [INFO][demo.java.daemon.DaemonThread][demo.java.daemon.DaemonThread:49] - DaemonThread running for 133 seconds.
2016-06-07 00:32:59 [INFO][demo.java.daemon.DaemonThread][demo.java.daemon.DaemonThread:49] - DaemonThread running for 134 seconds.
2016-06-07 00:33:00 [INFO][demo.java.daemon.DaemonThread][demo.java.daemon.DaemonThread:49] - DaemonThread running for 135 seconds.
2016-06-07 00:33:01 [INFO][demo.java.daemon.DaemonThread][demo.java.daemon.DaemonThread:49] - DaemonThread running for 136 seconds.
2016-06-07 00:33:02 [INFO][demo.java.daemon.DaemonThread][demo.java.daemon.DaemonThread:49] - DaemonThread running for 137 seconds.
2016-06-07 00:33:03 [INFO][demo.java.daemon.DaemonThread][demo.java.daemon.DaemonThread:49] - DaemonThread running for 138 seconds.
2016-06-07 00:33:04 [INFO][demo.java.daemon.DaemonThread][demo.java.daemon.DaemonThread:49] - DaemonThread running for 139 seconds.
2016-06-07 00:33:05 [INFO][demo.java.daemon.DaemonThread][demo.java.daemon.DaemonThread:49] - DaemonThread running for 140 seconds.
2016-06-07 00:33:06 [INFO][demo.java.daemon.DaemonThread][demo.java.daemon.DaemonThread:49] - DaemonThread running for 141 seconds.
2016-06-07 00:33:07 [INFO][demo.java.daemon.DaemonThread][demo.java.daemon.DaemonThread:49] - DaemonThread running for 142 seconds.
2016-06-07 00:33:08 [INFO][demo.java.daemon.DaemonThread][demo.java.daemon.DaemonThread:49] - DaemonThread running for 143 seconds.
2016-06-07 00:33:09 [INFO][demo.java.daemon.DaemonThread][demo.java.daemon.DaemonThread:49] - DaemonThread running for 144 seconds.
2016-06-07 00:33:10 [INFO][demo.java.daemon.DaemonThread][demo.java.daemon.DaemonThread:49] - DaemonThread running for 145 seconds.
2016-06-07 00:33:11 [INFO][demo.java.daemon.DaemonThread][demo.java.daemon.DaemonThread:49] - DaemonThread running for 146 seconds.
2016-06-07 00:33:12 [INFO][demo.java.daemon.DaemonThread][demo.java.daemon.DaemonThread:49] - DaemonThread running for 147 seconds.
2016-06-07 00:33:13 [INFO][demo.java.daemon.DaemonThread][demo.java.daemon.DaemonThread:49] - DaemonThread running for 148 seconds.
2016-06-07 00:33:14 [INFO][demo.java.daemon.DaemonThread][demo.java.daemon.DaemonThread:49] - DaemonThread running for 149 seconds.
2016-06-07 00:33:15 [INFO][demo.java.daemon.DaemonThread][demo.java.daemon.DaemonThread:49] - DaemonThread running for 150 seconds.
2016-06-07 00:33:16 [INFO][demo.java.daemon.DaemonThread][demo.java.daemon.DaemonThread:49] - DaemonThread running for 151 seconds.
2016-06-07 00:33:17 [INFO][demo.java.daemon.DaemonThread][demo.java.daemon.DaemonThread:49] - DaemonThread running for 152 seconds.
2016-06-07 00:33:18 [INFO][demo.java.daemon.DaemonThread][demo.java.daemon.DaemonThread:49] - DaemonThread running for 153 seconds.
2016-06-07 00:33:19 [INFO][demo.java.daemon.DaemonThread][demo.java.daemon.DaemonThread:49] - DaemonThread running for 154 seconds.
2016-06-07 00:33:20 [INFO][demo.java.daemon.DaemonThread][demo.java.daemon.DaemonThread:49] - DaemonThread running for 155 seconds.
2016-06-07 00:33:21 [INFO][demo.java.daemon.DaemonThread][demo.java.daemon.DaemonThread:49] - DaemonThread running for 156 seconds.
2016-06-07 00:33:22 [INFO][demo.java.daemon.DaemonThread][demo.java.daemon.DaemonThread:49] - DaemonThread running for 157 seconds.
2016-06-07 00:33:23 [INFO][demo.java.daemon.DaemonThread][demo.java.daemon.DaemonThread:49] - DaemonThread running for 158 seconds.
2016-06-07 00:33:24 [INFO][demo.java.daemon.DaemonThread][demo.java.daemon.DaemonThread:49] - DaemonThread running for 159 seconds.
2016-06-07 00:33:25 [INFO][demo.java.daemon.DaemonThread][demo.java.daemon.DaemonThread:49] - DaemonThread running for 160 seconds.
2016-06-07 00:33:26 [INFO][demo.java.daemon.DaemonThread][demo.java.daemon.DaemonThread:49] - DaemonThread running for 161 seconds.
2016-06-07 00:33:27 [INFO][demo.java.daemon.DaemonThread][demo.java.daemon.DaemonThread:49] - DaemonThread running for 162 seconds.
2016-06-07 00:33:28 [INFO][demo.java.daemon.DaemonThread][demo.java.daemon.DaemonThread:49] - DaemonThread running for 163 seconds.
2016-06-07 00:33:29 [INFO][demo.java.daemon.DaemonThread][demo.java.daemon.DaemonThread:49] - DaemonThread running for 164 seconds.
2016-06-07 00:33:30 [INFO][demo.java.daemon.DaemonThread][demo.java.daemon.DaemonThread:49] - DaemonThread running for 165 seconds.
2016-06-07 00:33:31 [INFO][demo.java.daemon.DaemonThread][demo.java.daemon.DaemonThread:49] - DaemonThread running for 166 seconds.
2016-06-07 00:33:32 [INFO][demo.java.daemon.DaemonThread][demo.java.daemon.DaemonThread:49] - DaemonThread running for 167 seconds.
2016-06-07 00:33:33 [INFO][demo.java.daemon.DaemonThread][demo.java.daemon.DaemonThread:49] - DaemonThread running for 168 seconds.
2016-06-07 00:33:34 [INFO][demo.java.daemon.DaemonThread][demo.java.daemon.DaemonThread:49] - DaemonThread running for 169 seconds.
2016-06-07 00:33:35 [INFO][demo.java.daemon.DaemonThread][demo.java.daemon.DaemonThread:49] - DaemonThread running for 170 seconds.
2016-06-07 00:33:36 [INFO][demo.java.daemon.DaemonThread][demo.java.daemon.DaemonThread:49] - DaemonThread running for 171 seconds.
2016-06-07 00:33:37 [INFO][demo.java.daemon.DaemonThread][demo.java.daemon.DaemonThread:49] - DaemonThread running for 172 seconds.
2016-06-07 00:33:38 [INFO][demo.java.daemon.DaemonThread][demo.java.daemon.DaemonThread:49] - DaemonThread running for 173 seconds.
2016-06-07 00:33:39 [INFO][demo.java.daemon.DaemonThread][demo.java.daemon.DaemonThread:49] - DaemonThread running for 174 seconds.
2016-06-07 00:33:40 [INFO][demo.java.daemon.DaemonThread][demo.java.daemon.DaemonThread:49] - DaemonThread running for 175 seconds.
2016-06-07 00:33:41 [INFO][demo.java.daemon.DaemonThread][demo.java.daemon.DaemonThread:49] - DaemonThread running for 176 seconds.
2016-06-07 00:33:42 [INFO][demo.java.daemon.DaemonThread][demo.java.daemon.DaemonThread:49] - DaemonThread running for 177 seconds.
2016-06-07 00:33:43 [INFO][demo.java.daemon.DaemonThread][demo.java.daemon.DaemonThread:49] - DaemonThread running for 178 seconds.
2016-06-07 00:33:44 [INFO][demo.java.daemon.DaemonThread][demo.java.daemon.DaemonThread:49] - DaemonThread running for 179 seconds.
2016-06-07 00:33:45 [INFO][demo.java.daemon.DaemonThread][demo.java.daemon.DaemonThread:49] - DaemonThread running for 180 seconds.
2016-06-07 00:33:46 [INFO][demo.java.daemon.DaemonThread][demo.java.daemon.DaemonThread:49] - DaemonThread running for 181 seconds.
2016-06-07 00:33:47 [INFO][demo.java.daemon.DaemonThread][demo.java.daemon.DaemonThread:49] - DaemonThread running for 182 seconds.
2016-06-07 00:33:48 [INFO][demo.java.daemon.DaemonThread][demo.java.daemon.DaemonThread:49] - DaemonThread running for 183 seconds.
2016-06-07 00:33:49 [INFO][demo.java.daemon.DaemonThread][demo.java.daemon.DaemonThread:49] - DaemonThread running for 184 seconds.
2016-06-07 00:33:50 [INFO][demo.java.daemon.DaemonThread][demo.java.daemon.DaemonThread:49] - DaemonThread running for 185 seconds.
2016-06-07 00:33:51 [INFO][demo.java.daemon.DaemonThread][demo.java.daemon.DaemonThread:49] - DaemonThread running for 186 seconds.
2016-06-07 00:33:52 [INFO][demo.java.daemon.DaemonThread][demo.java.daemon.DaemonThread:49] - DaemonThread running for 187 seconds.
2016-06-07 00:33:53 [INFO][demo.java.daemon.DaemonThread][demo.java.daemon.DaemonThread:49] - DaemonThread running for 188 seconds.
2016-06-07 00:33:54 [INFO][demo.java.daemon.DaemonThread][demo.java.daemon.DaemonThread:49] - DaemonThread running for 189 seconds.
2016-06-07 00:33:55 [INFO][demo.java.daemon.DaemonThread][demo.java.daemon.DaemonThread:49] - DaemonThread running for 190 seconds.
2016-06-07 00:33:56 [INFO][demo.java.daemon.DaemonThread][demo.java.daemon.DaemonThread:49] - DaemonThread running for 191 seconds.
2016-06-07 00:33:57 [INFO][demo.java.daemon.DaemonThread][demo.java.daemon.DaemonThread:49] - DaemonThread running for 192 seconds.
2016-06-07 00:33:58 [INFO][demo.java.daemon.DaemonThread][demo.java.daemon.DaemonThread:49] - DaemonThread running for 193 seconds.
2016-06-07 00:33:59 [INFO][demo.java.daemon.DaemonThread][demo.java.daemon.DaemonThread:49] - DaemonThread running for 194 seconds.
2016-06-07 00:34:00 [INFO][demo.java.daemon.DaemonThread][demo.java.daemon.DaemonThread:49] - DaemonThread running for 195 seconds.
2016-06-07 00:34:01 [INFO][demo.java.daemon.DaemonThread][demo.java.daemon.DaemonThread:49] - DaemonThread running for 196 seconds.
2016-06-07 00:34:02 [INFO][demo.java.daemon.DaemonThread][demo.java.daemon.DaemonThread:49] - DaemonThread running for 197 seconds.
2016-06-07 00:34:03 [INFO][demo.java.daemon.DaemonThread][demo.java.daemon.DaemonThread:49] - DaemonThread running for 198 seconds.
2016-06-07 00:34:04 [INFO][demo.java.daemon.DaemonThread][demo.java.daemon.DaemonThread:49] - DaemonThread running for 199 seconds.
2016-06-07 00:34:05 [INFO][demo.java.daemon.DaemonThread][demo.java.daemon.DaemonThread:49] - DaemonThread running for 200 seconds.
2016-06-07 00:34:06 [INFO][demo.java.daemon.DaemonThread][demo.java.daemon.DaemonThread:49] - DaemonThread running for 201 seconds.
2016-06-07 00:34:07 [INFO][demo.java.daemon.DaemonThread][demo.java.daemon.DaemonThread:49] - DaemonThread running for 202 seconds.
2016-06-07 00:34:08 [INFO][demo.java.daemon.DaemonThread][demo.java.daemon.DaemonThread:49] - DaemonThread running for 203 seconds.
2016-06-07 00:34:09 [INFO][demo.java.daemon.DaemonThread][demo.java.daemon.DaemonThread:49] - DaemonThread running for 204 seconds.
2016-06-07 00:34:10 [INFO][demo.java.daemon.DaemonThread][demo.java.daemon.DaemonThread:49] - DaemonThread running for 205 seconds.
2016-06-07 00:34:11 [INFO][demo.java.daemon.DaemonThread][demo.java.daemon.DaemonThread:49] - DaemonThread running for 206 seconds.
2016-06-07 00:34:12 [INFO][demo.java.daemon.DaemonThread][demo.java.daemon.DaemonThread:49] - DaemonThread running for 207 seconds.
2016-06-07 00:34:13 [INFO][demo.java.daemon.DaemonThread][demo.java.daemon.DaemonThread:49] - DaemonThread running for 208 seconds.
2016-06-07 00:34:14 [INFO][demo.java.daemon.DaemonThread][demo.java.daemon.DaemonThread:49] - DaemonThread running for 209 seconds.
2016-06-07 00:34:15 [INFO][demo.java.daemon.DaemonThread][demo.java.daemon.DaemonThread:49] - DaemonThread running for 210 seconds.
2016-06-07 00:34:16 [INFO][demo.java.daemon.DaemonThread][demo.java.daemon.DaemonThread:49] - DaemonThread running for 211 seconds.
2016-06-07 00:34:17 [INFO][demo.java.daemon.DaemonThread][demo.java.daemon.DaemonThread:49] - DaemonThread running for 212 seconds.
2016-06-07 00:34:18 [INFO][demo.java.daemon.DaemonThread][demo.java.daemon.DaemonThread:49] - DaemonThread running for 213 seconds.
2016-06-07 00:34:19 [INFO][demo.java.daemon.DaemonThread][demo.java.daemon.DaemonThread:49] - DaemonThread running for 214 seconds.
2016-06-07 00:34:20 [INFO][demo.java.daemon.DaemonThread][demo.java.daemon.DaemonThread:49] - DaemonThread running for 215 seconds.
2016-06-07 00:34:21 [INFO][demo.java.daemon.DaemonThread][demo.java.daemon.DaemonThread:49] - DaemonThread running for 216 seconds.
2016-06-07 00:34:22 [INFO][demo.java.daemon.DaemonThread][demo.java.daemon.DaemonThread:49] - DaemonThread running for 217 seconds.
2016-06-07 00:34:23 [INFO][demo.java.daemon.DaemonThread][demo.java.daemon.DaemonThread:49] - DaemonThread running for 218 seconds.
2016-06-07 00:34:24 [INFO][demo.java.daemon.DaemonThread][demo.java.daemon.DaemonThread:49] - DaemonThread running for 219 seconds.
2016-06-07 00:34:25 [INFO][demo.java.daemon.DaemonThread][demo.java.daemon.DaemonThread:49] - DaemonThread running for 220 seconds.
2016-06-07 00:34:26 [INFO][demo.java.daemon.DaemonThread][demo.java.daemon.DaemonThread:49] - DaemonThread running for 221 seconds.
2016-06-07 00:34:27 [INFO][demo.java.daemon.DaemonThread][demo.java.daemon.DaemonThread:49] - DaemonThread running for 222 seconds.
2016-06-07 00:34:28 [INFO][demo.java.daemon.DaemonThread][demo.java.daemon.DaemonThread:49] - DaemonThread running for 223 seconds.
2016-06-07 00:34:29 [INFO][demo.java.daemon.DaemonThread][demo.java.daemon.DaemonThread:49] - DaemonThread running for 224 seconds.
2016-06-07 00:34:30 [INFO][demo.java.daemon.DaemonThread][demo.java.daemon.DaemonThread:49] - DaemonThread running for 225 seconds.
2016-06-07 00:34:31 [INFO][demo.java.daemon.DaemonThread][demo.java.daemon.DaemonThread:49] - DaemonThread running for 226 seconds.
2016-06-07 00:34:32 [INFO][demo.java.daemon.DaemonThread][demo.java.daemon.DaemonThread:49] - DaemonThread running for 227 seconds.
2016-06-07 00:34:33 [INFO][demo.java.daemon.DaemonThread][demo.java.daemon.DaemonThread:49] - DaemonThread running for 228 seconds.
2016-06-07 00:34:34 [INFO][demo.java.daemon.DaemonThread][demo.java.daemon.DaemonThread:49] - DaemonThread running for 229 seconds.
2016-06-07 00:34:35 [INFO][demo.java.daemon.DaemonThread][demo.java.daemon.DaemonThread:49] - DaemonThread running for 230 seconds.
2016-06-07 00:34:36 [INFO][demo.java.daemon.DaemonThread][demo.java.daemon.DaemonThread:49] - DaemonThread running for 231 seconds.
2016-06-07 00:34:37 [INFO][demo.java.daemon.DaemonThread][demo.java.daemon.DaemonThread:49] - DaemonThread running for 232 seconds.
2016-06-07 00:34:38 [INFO][demo.java.daemon.DaemonThread][demo.java.daemon.DaemonThread:49] - DaemonThread running for 233 seconds.
2016-06-07 00:34:39 [INFO][demo.java.daemon.DaemonThread][demo.java.daemon.DaemonThread:49] - DaemonThread running for 234 seconds.
2016-06-07 00:34:40 [INFO][demo.java.daemon.DaemonThread][demo.java.daemon.DaemonThread:49] - DaemonThread running for 235 seconds.
2016-06-07 00:34:41 [INFO][demo.java.daemon.DaemonThread][demo.java.daemon.DaemonThread:49] - DaemonThread running for 236 seconds.
2016-06-07 00:34:42 [INFO][demo.java.daemon.DaemonThread][demo.java.daemon.DaemonThread:49] - DaemonThread running for 237 seconds.
2016-06-07 00:34:43 [INFO][demo.java.daemon.DaemonThread][demo.java.daemon.DaemonThread:49] - DaemonThread running for 238 seconds.
2016-06-07 00:34:44 [INFO][demo.java.daemon.DaemonThread][demo.java.daemon.DaemonThread:49] - DaemonThread running for 239 seconds.
2016-06-07 00:34:45 [INFO][demo.java.daemon.DaemonThread][demo.java.daemon.DaemonThread:49] - DaemonThread running for 240 seconds.
2016-06-07 00:34:46 [INFO][demo.java.daemon.DaemonThread][demo.java.daemon.DaemonThread:49] - DaemonThread running for 241 seconds.
2016-06-07 00:34:47 [INFO][demo.java.daemon.DaemonThread][demo.java.daemon.DaemonThread:49] - DaemonThread running for 242 seconds.
2016-06-07 00:34:48 [INFO][demo.java.daemon.DaemonThread][demo.java.daemon.DaemonThread:49] - DaemonThread running for 243 seconds.
2016-06-07 00:34:49 [INFO][demo.java.daemon.DaemonThread][demo.java.daemon.DaemonThread:49] - DaemonThread running for 244 seconds.
2016-06-07 00:34:50 [INFO][demo.java.daemon.DaemonThread][demo.java.daemon.DaemonThread:49] - DaemonThread running for 245 seconds.
2016-06-07 00:34:51 [INFO][demo.java.daemon.DaemonThread][demo.java.daemon.DaemonThread:49] - DaemonThread running for 246 seconds.
2016-06-07 00:34:52 [INFO][demo.java.daemon.DaemonThread][demo.java.daemon.DaemonThread:49] - DaemonThread running for 247 seconds.
2016-06-07 00:34:53 [INFO][demo.java.daemon.DaemonThread][demo.java.daemon.DaemonThread:49] - DaemonThread running for 248 seconds.
2016-06-07 00:34:54 [INFO][demo.java.daemon.DaemonThread][demo.java.daemon.DaemonThread:49] - DaemonThread running for 249 seconds.
2016-06-07 00:34:55 [INFO][demo.java.daemon.DaemonThread][demo.java.daemon.DaemonThread:49] - DaemonThread running for 250 seconds.
2016-06-07 00:34:56 [INFO][demo.java.daemon.DaemonThread][demo.java.daemon.DaemonThread:49] - DaemonThread running for 251 seconds.
2016-06-07 00:34:57 [INFO][demo.java.daemon.DaemonThread][demo.java.daemon.DaemonThread:49] - DaemonThread running for 252 seconds.
2016-06-07 00:34:58 [INFO][demo.java.daemon.DaemonThread][demo.java.daemon.DaemonThread:49] - DaemonThread running for 253 seconds.
2016-06-07 00:34:59 [INFO][demo.java.daemon.DaemonThread][demo.java.daemon.DaemonThread:49] - DaemonThread running for 254 seconds.
2016-06-07 00:35:00 [INFO][demo.java.daemon.DaemonThread][demo.java.daemon.DaemonThread:49] - DaemonThread running for 255 seconds.
2016-06-07 00:35:01 [INFO][demo.java.daemon.DaemonThread][demo.java.daemon.DaemonThread:49] - DaemonThread running for 256 seconds.
2016-06-07 00:35:02 [INFO][demo.java.daemon.DaemonThread][demo.java.daemon.DaemonThread:49] - DaemonThread running for 257 seconds.
2016-06-07 00:35:03 [INFO][demo.java.daemon.DaemonThread][demo.java.daemon.DaemonThread:49] - DaemonThread running for 258 seconds.
2016-06-07 00:35:04 [INFO][demo.java.daemon.DaemonThread][demo.java.daemon.DaemonThread:49] - DaemonThread running for 259 seconds.
2016-06-07 00:35:05 [INFO][demo.java.daemon.DaemonThread][demo.java.daemon.DaemonThread:49] - DaemonThread running for 260 seconds.
2016-06-07 00:35:06 [INFO][demo.java.daemon.DaemonThread][demo.java.daemon.DaemonThread:49] - DaemonThread running for 261 seconds.
2016-06-07 00:35:07 [INFO][demo.java.daemon.DaemonThread][demo.java.daemon.DaemonThread:49] - DaemonThread running for 262 seconds.
2016-06-07 00:35:08 [INFO][demo.java.daemon.DaemonThread][demo.java.daemon.DaemonThread:49] - DaemonThread running for 263 seconds.
2016-06-07 00:35:09 [INFO][demo.java.daemon.DaemonThread][demo.java.daemon.DaemonThread:49] - DaemonThread running for 264 seconds.
2016-06-07 00:35:10 [INFO][demo.java.daemon.DaemonThread][demo.java.daemon.DaemonThread:49] - DaemonThread running for 265 seconds.
2016-06-07 00:35:11 [INFO][demo.java.daemon.DaemonThread][demo.java.daemon.DaemonThread:49] - DaemonThread running for 266 seconds.
2016-06-07 00:35:12 [INFO][demo.java.daemon.DaemonThread][demo.java.daemon.DaemonThread:49] - DaemonThread running for 267 seconds.
2016-06-07 00:35:13 [INFO][demo.java.daemon.DaemonThread][demo.java.daemon.DaemonThread:49] - DaemonThread running for 268 seconds.
2016-06-07 00:35:14 [INFO][demo.java.daemon.DaemonThread][demo.java.daemon.DaemonThread:49] - DaemonThread running for 269 seconds.
2016-06-07 00:35:15 [INFO][demo.java.daemon.DaemonThread][demo.java.daemon.DaemonThread:49] - DaemonThread running for 270 seconds.
2016-06-07 00:35:16 [INFO][demo.java.daemon.DaemonThread][demo.java.daemon.DaemonThread:49] - DaemonThread running for 271 seconds.
2016-06-07 00:35:17 [INFO][demo.java.daemon.DaemonThread][demo.java.daemon.DaemonThread:49] - DaemonThread running for 272 seconds.
2016-06-07 00:35:18 [INFO][demo.java.daemon.DaemonThread][demo.java.daemon.DaemonThread:49] - DaemonThread running for 273 seconds.
2016-06-07 00:35:19 [INFO][demo.java.daemon.DaemonThread][demo.java.daemon.DaemonThread:49] - DaemonThread running for 274 seconds.
2016-06-07 00:35:20 [INFO][demo.java.daemon.DaemonThread][demo.java.daemon.DaemonThread:49] - DaemonThread running for 275 seconds.
2016-06-07 00:35:21 [INFO][demo.java.daemon.DaemonThread][demo.java.daemon.DaemonThread:49] - DaemonThread running for 276 seconds.
2016-06-07 00:35:22 [INFO][demo.java.daemon.DaemonThread][demo.java.daemon.DaemonThread:49] - DaemonThread running for 277 seconds.
2016-06-07 00:35:23 [INFO][demo.java.daemon.DaemonThread][demo.java.daemon.DaemonThread:49] - DaemonThread running for 278 seconds.
2016-06-07 00:35:24 [INFO][demo.java.daemon.DaemonThread][demo.java.daemon.DaemonThread:49] - DaemonThread running for 279 seconds.
2016-06-07 00:35:25 [INFO][demo.java.daemon.DaemonThread][demo.java.daemon.DaemonThread:49] - DaemonThread running for 280 seconds.
2016-06-07 00:35:26 [INFO][demo.java.daemon.DaemonThread][demo.java.daemon.DaemonThread:49] - DaemonThread running for 281 seconds.
2016-06-07 00:35:27 [INFO][demo.java.daemon.DaemonThread][demo.java.daemon.DaemonThread:49] - DaemonThread running for 282 seconds.
2016-06-07 00:35:28 [INFO][demo.java.daemon.DaemonThread][demo.java.daemon.DaemonThread:49] - DaemonThread running for 283 seconds.
2016-06-07 00:35:29 [INFO][demo.java.daemon.DaemonThread][demo.java.daemon.DaemonThread:49] - DaemonThread running for 284 seconds.
2016-06-07 00:35:30 [INFO][demo.java.daemon.DaemonThread][demo.java.daemon.DaemonThread:49] - DaemonThread running for 285 seconds.
2016-06-07 00:35:31 [INFO][demo.java.daemon.DaemonThread][demo.java.daemon.DaemonThread:49] - DaemonThread running for 286 seconds.
2016-06-07 00:35:32 [INFO][demo.java.daemon.DaemonThread][demo.java.daemon.DaemonThread:49] - DaemonThread running for 287 seconds.
2016-06-07 00:35:33 [INFO][demo.java.daemon.DaemonThread][demo.java.daemon.DaemonThread:49] - DaemonThread running for 288 seconds.
2016-06-07 00:35:34 [INFO][demo.java.daemon.DaemonThread][demo.java.daemon.DaemonThread:49] - DaemonThread running for 289 seconds.
2016-06-07 00:35:35 [INFO][demo.java.daemon.DaemonThread][demo.java.daemon.DaemonThread:49] - DaemonThread running for 290 seconds.
2016-06-07 00:35:36 [INFO][demo.java.daemon.DaemonThread][demo.java.daemon.DaemonThread:49] - DaemonThread running for 291 seconds.
2016-06-07 00:35:37 [INFO][demo.java.daemon.DaemonThread][demo.java.daemon.DaemonThread:49] - DaemonThread running for 292 seconds.
2016-06-07 00:35:38 [INFO][demo.java.daemon.DaemonThread][demo.java.daemon.DaemonThread:49] - DaemonThread running for 293 seconds.
2016-06-07 00:35:39 [INFO][demo.java.daemon.DaemonThread][demo.java.daemon.DaemonThread:49] - DaemonThread running for 294 seconds.
2016-06-07 00:35:40 [INFO][demo.java.daemon.DaemonThread][demo.java.daemon.DaemonThread:49] - DaemonThread running for 295 seconds.
2016-06-07 00:35:41 [INFO][demo.java.daemon.DaemonThread][demo.java.daemon.DaemonThread:49] - DaemonThread running for 296 seconds.
2016-06-07 00:35:42 [INFO][demo.java.daemon.DaemonThread][demo.java.daemon.DaemonThread:49] - DaemonThread running for 297 seconds.
2016-06-07 00:35:43 [INFO][demo.java.daemon.DaemonThread][demo.java.daemon.DaemonThread:49] - DaemonThread running for 298 seconds.
2016-06-07 00:35:44 [INFO][demo.java.daemon.DaemonThread][demo.java.daemon.DaemonThread:49] - DaemonThread running for 299 seconds.
2016-06-07 00:35:45 [INFO][demo.java.daemon.DaemonThread][demo.java.daemon.DaemonThread:49] - DaemonThread running for 300 seconds.
2016-06-07 00:35:46 [INFO][demo.java.daemon.DaemonThread][demo.java.daemon.DaemonThread:49] - DaemonThread running for 301 seconds.
2016-06-07 00:35:47 [INFO][demo.java.daemon.DaemonThread][demo.java.daemon.DaemonThread:49] - DaemonThread running for 302 seconds.
2016-06-07 00:35:48 [INFO][demo.java.daemon.DaemonThread][demo.java.daemon.DaemonThread:49] - DaemonThread running for 303 seconds.
2016-06-07 00:35:49 [INFO][demo.java.daemon.DaemonThread][demo.java.daemon.DaemonThread:49] - DaemonThread running for 304 seconds.
2016-06-07 00:35:50 [INFO][demo.java.daemon.DaemonThread][demo.java.daemon.DaemonThread:49] - DaemonThread running for 305 seconds.
2016-06-07 00:35:51 [INFO][demo.java.daemon.DaemonThread][demo.java.daemon.DaemonThread:49] - DaemonThread running for 306 seconds.
2016-06-07 00:35:52 [INFO][demo.java.daemon.DaemonThread][demo.java.daemon.DaemonThread:49] - DaemonThread running for 307 seconds.
2016-06-07 00:35:53 [INFO][demo.java.daemon.DaemonThread][demo.java.daemon.DaemonThread:49] - DaemonThread running for 308 seconds.
2016-06-07 00:35:54 [INFO][demo.java.daemon.DaemonThread][demo.java.daemon.DaemonThread:49] - DaemonThread running for 309 seconds.
2016-06-07 00:35:55 [INFO][demo.java.daemon.DaemonThread][demo.java.daemon.DaemonThread:49] - DaemonThread running for 310 seconds.
2016-06-07 00:35:56 [INFO][demo.java.daemon.DaemonThread][demo.java.daemon.DaemonThread:49] - DaemonThread running for 311 seconds.
2016-06-07 00:35:57 [INFO][demo.java.daemon.DaemonThread][demo.java.daemon.DaemonThread:49] - DaemonThread running for 312 seconds.
2016-06-07 00:35:58 [INFO][demo.java.daemon.DaemonThread][demo.java.daemon.DaemonThread:49] - DaemonThread running for 313 seconds.
2016-06-07 00:35:59 [INFO][demo.java.daemon.DaemonThread][demo.java.daemon.DaemonThread:49] - DaemonThread running for 314 seconds.
2016-06-07 00:36:00 [INFO][demo.java.daemon.DaemonThread][demo.java.daemon.DaemonThread:49] - DaemonThread running for 315 seconds.
2016-06-07 00:36:01 [INFO][demo.java.daemon.DaemonThread][demo.java.daemon.DaemonThread:49] - DaemonThread running for 316 seconds.
2016-06-07 00:36:02 [INFO][demo.java.daemon.DaemonThread][demo.java.daemon.DaemonThread:49] - DaemonThread running for 317 seconds.
2016-06-07 00:36:03 [INFO][demo.java.daemon.DaemonThread][demo.java.daemon.DaemonThread:49] - DaemonThread running for 318 seconds.
2016-06-07 00:36:04 [INFO][demo.java.daemon.DaemonThread][demo.java.daemon.DaemonThread:49] - DaemonThread running for 319 seconds.
2016-06-07 00:36:05 [INFO][demo.java.daemon.DaemonThread][demo.java.daemon.DaemonThread:49] - DaemonThread running for 320 seconds.
2016-06-07 00:36:06 [INFO][demo.java.daemon.DaemonThread][demo.java.daemon.DaemonThread:49] - DaemonThread running for 321 seconds.
2016-06-07 00:36:07 [INFO][demo.java.daemon.DaemonThread][demo.java.daemon.DaemonThread:49] - DaemonThread running for 322 seconds.
2016-06-07 00:36:08 [INFO][demo.java.daemon.DaemonThread][demo.java.daemon.DaemonThread:49] - DaemonThread running for 323 seconds.
2016-06-07 00:36:09 [INFO][demo.java.daemon.DaemonThread][demo.java.daemon.DaemonThread:49] - DaemonThread running for 324 seconds.
2016-06-07 00:36:10 [INFO][demo.java.daemon.DaemonThread][demo.java.daemon.DaemonThread:49] - DaemonThread running for 325 seconds.
2016-06-07 00:36:11 [INFO][demo.java.daemon.DaemonThread][demo.java.daemon.DaemonThread:49] - DaemonThread running for 326 seconds.
2016-06-07 00:36:12 [INFO][demo.java.daemon.DaemonThread][demo.java.daemon.DaemonThread:49] - DaemonThread running for 327 seconds.
2016-06-07 00:36:13 [INFO][demo.java.daemon.DaemonThread][demo.java.daemon.DaemonThread:49] - DaemonThread running for 328 seconds.
2016-06-07 00:36:14 [INFO][demo.java.daemon.DaemonThread][demo.java.daemon.DaemonThread:49] - DaemonThread running for 329 seconds.
2016-06-07 00:36:15 [INFO][demo.java.daemon.DaemonThread][demo.java.daemon.DaemonThread:49] - DaemonThread running for 330 seconds.
2016-06-07 00:36:16 [INFO][demo.java.daemon.DaemonThread][demo.java.daemon.DaemonThread:49] - DaemonThread running for 331 seconds.
2016-06-07 00:36:17 [INFO][demo.java.daemon.DaemonThread][demo.java.daemon.DaemonThread:49] - DaemonThread running for 332 seconds.
2016-06-07 00:36:18 [INFO][demo.java.daemon.DaemonThread][demo.java.daemon.DaemonThread:49] - DaemonThread running for 333 seconds.
2016-06-07 00:36:19 [INFO][demo.java.daemon.DaemonThread][demo.java.daemon.DaemonThread:49] - DaemonThread running for 334 seconds.
2016-06-07 00:36:20 [INFO][demo.java.daemon.DaemonThread][demo.java.daemon.DaemonThread:49] - DaemonThread running for 335 seconds.
2016-06-07 00:36:21 [INFO][demo.java.daemon.DaemonThread][demo.java.daemon.DaemonThread:49] - DaemonThread running for 336 seconds.
2016-06-07 00:36:22 [INFO][demo.java.daemon.DaemonThread][demo.java.daemon.DaemonThread:49] - DaemonThread running for 337 seconds.
2016-06-07 00:36:23 [INFO][demo.java.daemon.DaemonThread][demo.java.daemon.DaemonThread:49] - DaemonThread running for 338 seconds.
2016-06-07 00:36:24 [INFO][demo.java.daemon.DaemonThread][demo.java.daemon.DaemonThread:49] - DaemonThread running for 339 seconds.
2016-06-07 00:36:25 [INFO][demo.java.daemon.DaemonThread][demo.java.daemon.DaemonThread:49] - DaemonThread running for 340 seconds.
2016-06-07 00:36:26 [INFO][demo.java.daemon.DaemonThread][demo.java.daemon.DaemonThread:49] - DaemonThread running for 341 seconds.
2016-06-07 00:36:27 [INFO][demo.java.daemon.DaemonThread][demo.java.daemon.DaemonThread:49] - DaemonThread running for 342 seconds.
2016-06-07 00:36:28 [INFO][demo.java.daemon.DaemonThread][demo.java.daemon.DaemonThread:49] - DaemonThread running for 343 seconds.
2016-06-07 00:36:29 [INFO][demo.java.daemon.DaemonThread][demo.java.daemon.DaemonThread:49] - DaemonThread running for 344 seconds.
2016-06-07 00:36:30 [INFO][demo.java.daemon.DaemonThread][demo.java.daemon.DaemonThread:49] - DaemonThread running for 345 seconds.
2016-06-07 00:36:31 [INFO][demo.java.daemon.DaemonThread][demo.java.daemon.DaemonThread:49] - DaemonThread running for 346 seconds.
2016-06-07 00:36:32 [INFO][demo.java.daemon.DaemonThread][demo.java.daemon.DaemonThread:49] - DaemonThread running for 347 seconds.
2016-06-07 00:36:33 [INFO][demo.java.daemon.DaemonThread][demo.java.daemon.DaemonThread:49] - DaemonThread running for 348 seconds.
2016-06-07 00:36:34 [INFO][demo.java.daemon.DaemonThread][demo.java.daemon.DaemonThread:49] - DaemonThread running for 349 seconds.
2016-06-07 00:36:35 [INFO][demo.java.daemon.DaemonThread][demo.java.daemon.DaemonThread:49] - DaemonThread running for 350 seconds.
2016-06-07 00:36:36 [INFO][demo.java.daemon.DaemonThread][demo.java.daemon.DaemonThread:49] - DaemonThread running for 351 seconds.
2016-06-07 00:36:37 [INFO][demo.java.daemon.DaemonThread][demo.java.daemon.DaemonThread:49] - DaemonThread running for 352 seconds.
2016-06-07 00:36:38 [INFO][demo.java.daemon.DaemonThread][demo.java.daemon.DaemonThread:49] - DaemonThread running for 353 seconds.
2016-06-07 00:36:39 [INFO][demo.java.daemon.DaemonThread][demo.java.daemon.DaemonThread:49] - DaemonThread running for 354 seconds.
2016-06-07 00:36:40 [INFO][demo.java.daemon.DaemonThread][demo.java.daemon.DaemonThread:49] - DaemonThread running for 355 seconds.
2016-06-07 00:36:41 [INFO][demo.java.daemon.DaemonThread][demo.java.daemon.DaemonThread:49] - DaemonThread running for 356 seconds.
2016-06-07 00:36:42 [INFO][demo.java.daemon.DemoDaemon][demo.java.daemon.DemoDaemon:24] - Stop Main Thread main.
